Loading train and test data from... ../results/foursquare/run2/Movelets/foursquare_movelets/p_false__q_LSP__ms_1__Ms_10/
Done.
Number of attributes: 1575
[300]
[300, 0.2769010043041607, 0.47058823529411764]
{'class': 'C1006', 'classifier': 'RF', 'precision': 0.0, 'recall': 0.0, 'f1_score': 0.0, 'support': 3.0}
{'class': 'C1016', 'classifier': 'RF', 'precision': 0.33, 'recall': 0.33, 'f1_score': 0.33, 'support': 3.0}
{'class': 'C1017', 'classifier': 'RF', 'precision': 0.33, 'recall': 0.67, 'f1_score': 0.44, 'support': 3.0}
{'class': 'C1019', 'classifier': 'RF', 'precision': 0.5, 'recall': 0.67, 'f1_score': 0.57, 'support': 3.0}
{'class': 'C1025', 'classifier': 'RF', 'precision': 0.0, 'recall': 0.0, 'f1_score': 0.0, 'support': 2.0}
{'class': 'C1029', 'classifier': 'RF', 'precision': 0.4, 'recall': 0.67, 'f1_score': 0.5, 'support': 3.0}
{'class': 'C1040', 'classifier': 'RF', 'precision': 0.14, 'recall': 0.33, 'f1_score': 0.2, 'support': 3.0}
{'class': 'C1044', 'classifier': 'RF', 'precision': 0.0, 'recall': 0.0, 'f1_score': 0.0, 'support': 3.0}
{'class': 'C1047', 'classifier': 'RF', 'precision': 0.67, 'recall': 0.67, 'f1_score': 0.67, 'support': 3.0}
{'class': 'C1054', 'classifier': 'RF', 'precision': 0.0, 'recall': 0.0, 'f1_score': 0.0, 'support': 4.0}
{'class': 'C1055', 'classifier': 'RF', 'precision': 0.0, 'recall': 0.0, 'f1_score': 0.0, 'support': 3.0}
{'class': 'C1070', 'classifier': 'RF', 'precision': 0.0, 'recall': 0.0, 'f1_score': 0.0, 'support': 2.0}
{'class': 'C119', 'classifier': 'RF', 'precision': 0.33, 'recall': 0.33, 'f1_score': 0.33, 'support': 3.0}
{'class': 'C12', 'classifier': 'RF', 'precision': 1.0, 'recall': 0.33, 'f1_score': 0.5, 'support': 3.0}
{'class': 'C120', 'classifier': 'RF', 'precision': 0.0, 'recall': 0.0, 'f1_score': 0.0, 'support': 4.0}
{'class': 'C121', 'classifier': 'RF', 'precision': 0.0, 'recall': 0.0, 'f1_score': 0.0, 'support': 2.0}
{'class': 'C138', 'classifier': 'RF', 'precision': 0.25, 'recall': 0.5, 'f1_score': 0.33, 'support': 4.0}
{'class': 'C14', 'classifier': 'RF', 'precision': 0.17, 'recall': 0.25, 'f1_score': 0.2, 'support': 4.0}
{'class': 'C144', 'classifier': 'RF', 'precision': 0.0, 'recall': 0.0, 'f1_score': 0.0, 'support': 3.0}
{'class': 'C150', 'classifier': 'RF', 'precision': 0.0, 'recall': 0.0, 'f1_score': 0.0, 'support': 2.0}
{'class': 'C153', 'classifier': 'RF', 'precision': 0.0, 'recall': 0.0, 'f1_score': 0.0, 'support': 3.0}
{'class': 'C154', 'classifier': 'RF', 'precision': 0.0, 'recall': 0.0, 'f1_score': 0.0, 'support': 2.0}
{'class': 'C164', 'classifier': 'RF', 'precision': 0.0, 'recall': 0.0, 'f1_score': 0.0, 'support': 3.0}
{'class': 'C171', 'classifier': 'RF', 'precision': 0.0, 'recall': 0.0, 'f1_score': 0.0, 'support': 3.0}
{'class': 'C172', 'classifier': 'RF', 'precision': 0.0, 'recall': 0.0, 'f1_score': 0.0, 'support': 3.0}
{'class': 'C178', 'classifier': 'RF', 'precision': 0.14, 'recall': 0.25, 'f1_score': 0.18, 'support': 4.0}
{'class': 'C181', 'classifier': 'RF', 'precision': 0.5, 'recall': 0.67, 'f1_score': 0.57, 'support': 3.0}
{'class': 'C182', 'classifier': 'RF', 'precision': 0.0, 'recall': 0.0, 'f1_score': 0.0, 'support': 3.0}
{'class': 'C184', 'classifier': 'RF', 'precision': 0.0, 'recall': 0.0, 'f1_score': 0.0, 'support': 3.0}
{'class': 'C185', 'classifier': 'RF', 'precision': 0.36, 'recall': 1.0, 'f1_score': 0.53, 'support': 9.0}
{'class': 'C187', 'classifier': 'RF', 'precision': 0.4, 'recall': 0.67, 'f1_score': 0.5, 'support': 3.0}
{'class': 'C188', 'classifier': 'RF', 'precision': 0.0, 'recall': 0.0, 'f1_score': 0.0, 'support': 2.0}
{'class': 'C19', 'classifier': 'RF', 'precision': 0.0, 'recall': 0.0, 'f1_score': 0.0, 'support': 3.0}
{'class': 'C201', 'classifier': 'RF', 'precision': 0.0, 'recall': 0.0, 'f1_score': 0.0, 'support': 2.0}
{'class': 'C207', 'classifier': 'RF', 'precision': 0.5, 'recall': 0.67, 'f1_score': 0.57, 'support': 3.0}
{'class': 'C208', 'classifier': 'RF', 'precision': 0.2, 'recall': 0.33, 'f1_score': 0.25, 'support': 3.0}
{'class': 'C236', 'classifier': 'RF', 'precision': 0.0, 'recall': 0.0, 'f1_score': 0.0, 'support': 3.0}
{'class': 'C246', 'classifier': 'RF', 'precision': 0.17, 'recall': 0.25, 'f1_score': 0.2, 'support': 4.0}
{'class': 'C25', 'classifier': 'RF', 'precision': 0.5, 'recall': 0.75, 'f1_score': 0.6, 'support': 4.0}
{'class': 'C254', 'classifier': 'RF', 'precision': 0.0, 'recall': 0.0, 'f1_score': 0.0, 'support': 4.0}
{'class': 'C262', 'classifier': 'RF', 'precision': 0.0, 'recall': 0.0, 'f1_score': 0.0, 'support': 3.0}
{'class': 'C267', 'classifier': 'RF', 'precision': 0.0, 'recall': 0.0, 'f1_score': 0.0, 'support': 3.0}
{'class': 'C280', 'classifier': 'RF', 'precision': 0.67, 'recall': 0.5, 'f1_score': 0.57, 'support': 4.0}
{'class': 'C293', 'classifier': 'RF', 'precision': 0.53, 'recall': 1.0, 'f1_score': 0.69, 'support': 9.0}
{'class': 'C295', 'classifier': 'RF', 'precision': 0.0, 'recall': 0.0, 'f1_score': 0.0, 'support': 3.0}
{'class': 'C315', 'classifier': 'RF', 'precision': 0.45, 'recall': 0.62, 'f1_score': 0.53, 'support': 8.0}
{'class': 'C319', 'classifier': 'RF', 'precision': 0.0, 'recall': 0.0, 'f1_score': 0.0, 'support': 3.0}
{'class': 'C34', 'classifier': 'RF', 'precision': 0.0, 'recall': 0.0, 'f1_score': 0.0, 'support': 5.0}
{'class': 'C343', 'classifier': 'RF', 'precision': 0.0, 'recall': 0.0, 'f1_score': 0.0, 'support': 3.0}
{'class': 'C344', 'classifier': 'RF', 'precision': 0.33, 'recall': 0.5, 'f1_score': 0.4, 'support': 4.0}
{'class': 'C347', 'classifier': 'RF', 'precision': 1.0, 'recall': 0.5, 'f1_score': 0.67, 'support': 2.0}
{'class': 'C349', 'classifier': 'RF', 'precision': 0.67, 'recall': 0.57, 'f1_score': 0.62, 'support': 7.0}
{'class': 'C354', 'classifier': 'RF', 'precision': 0.33, 'recall': 0.12, 'f1_score': 0.18, 'support': 8.0}
{'class': 'C355', 'classifier': 'RF', 'precision': 0.0, 'recall': 0.0, 'f1_score': 0.0, 'support': 3.0}
{'class': 'C359', 'classifier': 'RF', 'precision': 0.12, 'recall': 0.2, 'f1_score': 0.15, 'support': 5.0}
{'class': 'C365', 'classifier': 'RF', 'precision': 1.0, 'recall': 0.33, 'f1_score': 0.5, 'support': 3.0}
{'class': 'C371', 'classifier': 'RF', 'precision': 0.4, 'recall': 0.67, 'f1_score': 0.5, 'support': 3.0}
{'class': 'C372', 'classifier': 'RF', 'precision': 0.1, 'recall': 0.14, 'f1_score': 0.12, 'support': 7.0}
{'class': 'C384', 'classifier': 'RF', 'precision': 0.5, 'recall': 0.2, 'f1_score': 0.29, 'support': 5.0}
{'class': 'C386', 'classifier': 'RF', 'precision': 0.0, 'recall': 0.0, 'f1_score': 0.0, 'support': 4.0}
{'class': 'C390', 'classifier': 'RF', 'precision': 0.0, 'recall': 0.0, 'f1_score': 0.0, 'support': 5.0}
{'class': 'C396', 'classifier': 'RF', 'precision': 0.5, 'recall': 0.33, 'f1_score': 0.4, 'support': 3.0}
{'class': 'C398', 'classifier': 'RF', 'precision': 0.0, 'recall': 0.0, 'f1_score': 0.0, 'support': 3.0}
{'class': 'C412', 'classifier': 'RF', 'precision': 0.67, 'recall': 1.0, 'f1_score': 0.8, 'support': 2.0}
{'class': 'C422', 'classifier': 'RF', 'precision': 0.25, 'recall': 0.25, 'f1_score': 0.25, 'support': 4.0}
{'class': 'C425', 'classifier': 'RF', 'precision': 1.0, 'recall': 1.0, 'f1_score': 1.0, 'support': 3.0}
{'class': 'C432', 'classifier': 'RF', 'precision': 0.0, 'recall': 0.0, 'f1_score': 0.0, 'support': 3.0}
{'class': 'C438', 'classifier': 'RF', 'precision': 0.67, 'recall': 0.67, 'f1_score': 0.67, 'support': 3.0}
{'class': 'C439', 'classifier': 'RF', 'precision': 0.33, 'recall': 0.6, 'f1_score': 0.43, 'support': 5.0}
{'class': 'C440', 'classifier': 'RF', 'precision': 0.33, 'recall': 0.5, 'f1_score': 0.4, 'support': 4.0}
{'class': 'C443', 'classifier': 'RF', 'precision': 0.4, 'recall': 0.5, 'f1_score': 0.44, 'support': 4.0}
{'class': 'C445', 'classifier': 'RF', 'precision': 0.43, 'recall': 0.5, 'f1_score': 0.46, 'support': 6.0}
{'class': 'C448', 'classifier': 'RF', 'precision': 1.0, 'recall': 0.25, 'f1_score': 0.4, 'support': 4.0}
{'class': 'C458', 'classifier': 'RF', 'precision': 0.5, 'recall': 0.25, 'f1_score': 0.33, 'support': 4.0}
{'class': 'C461', 'classifier': 'RF', 'precision': 0.0, 'recall': 0.0, 'f1_score': 0.0, 'support': 4.0}
{'class': 'C472', 'classifier': 'RF', 'precision': 0.33, 'recall': 1.0, 'f1_score': 0.5, 'support': 5.0}
{'class': 'C474', 'classifier': 'RF', 'precision': 0.6, 'recall': 1.0, 'f1_score': 0.75, 'support': 3.0}
{'class': 'C475', 'classifier': 'RF', 'precision': 0.0, 'recall': 0.0, 'f1_score': 0.0, 'support': 3.0}
{'class': 'C484', 'classifier': 'RF', 'precision': 0.5, 'recall': 0.2, 'f1_score': 0.29, 'support': 5.0}
{'class': 'C488', 'classifier': 'RF', 'precision': 0.0, 'recall': 0.0, 'f1_score': 0.0, 'support': 3.0}
{'class': 'C492', 'classifier': 'RF', 'precision': 0.14, 'recall': 0.25, 'f1_score': 0.18, 'support': 4.0}
{'class': 'C495', 'classifier': 'RF', 'precision': 0.2, 'recall': 0.5, 'f1_score': 0.29, 'support': 2.0}
{'class': 'C50', 'classifier': 'RF', 'precision': 0.0, 'recall': 0.0, 'f1_score': 0.0, 'support': 3.0}
{'class': 'C509', 'classifier': 'RF', 'precision': 0.0, 'recall': 0.0, 'f1_score': 0.0, 'support': 2.0}
{'class': 'C518', 'classifier': 'RF', 'precision': 0.09, 'recall': 0.2, 'f1_score': 0.13, 'support': 5.0}
{'class': 'C519', 'classifier': 'RF', 'precision': 0.0, 'recall': 0.0, 'f1_score': 0.0, 'support': 4.0}
{'class': 'C521', 'classifier': 'RF', 'precision': 0.57, 'recall': 0.8, 'f1_score': 0.67, 'support': 5.0}
{'class': 'C527', 'classifier': 'RF', 'precision': 1.0, 'recall': 0.25, 'f1_score': 0.4, 'support': 4.0}
{'class': 'C529', 'classifier': 'RF', 'precision': 0.33, 'recall': 0.2, 'f1_score': 0.25, 'support': 5.0}
{'class': 'C531', 'classifier': 'RF', 'precision': 0.0, 'recall': 0.0, 'f1_score': 0.0, 'support': 2.0}
{'class': 'C533', 'classifier': 'RF', 'precision': 0.0, 'recall': 0.0, 'f1_score': 0.0, 'support': 3.0}
{'class': 'C539', 'classifier': 'RF', 'precision': 0.0, 'recall': 0.0, 'f1_score': 0.0, 'support': 3.0}
{'class': 'C546', 'classifier': 'RF', 'precision': 0.0, 'recall': 0.0, 'f1_score': 0.0, 'support': 2.0}
{'class': 'C553', 'classifier': 'RF', 'precision': 0.33, 'recall': 0.33, 'f1_score': 0.33, 'support': 3.0}
{'class': 'C56', 'classifier': 'RF', 'precision': 0.0, 'recall': 0.0, 'f1_score': 0.0, 'support': 3.0}
{'class': 'C572', 'classifier': 'RF', 'precision': 0.0, 'recall': 0.0, 'f1_score': 0.0, 'support': 2.0}
{'class': 'C579', 'classifier': 'RF', 'precision': 0.2, 'recall': 0.5, 'f1_score': 0.29, 'support': 2.0}
{'class': 'C582', 'classifier': 'RF', 'precision': 0.0, 'recall': 0.0, 'f1_score': 0.0, 'support': 4.0}
{'class': 'C585', 'classifier': 'RF', 'precision': 0.33, 'recall': 0.67, 'f1_score': 0.44, 'support': 3.0}
{'class': 'C589', 'classifier': 'RF', 'precision': 0.0, 'recall': 0.0, 'f1_score': 0.0, 'support': 3.0}
{'class': 'C593', 'classifier': 'RF', 'precision': 0.57, 'recall': 1.0, 'f1_score': 0.73, 'support': 4.0}
{'class': 'C595', 'classifier': 'RF', 'precision': 0.0, 'recall': 0.0, 'f1_score': 0.0, 'support': 4.0}
{'class': 'C596', 'classifier': 'RF', 'precision': 0.0, 'recall': 0.0, 'f1_score': 0.0, 'support': 4.0}
{'class': 'C6', 'classifier': 'RF', 'precision': 0.0, 'recall': 0.0, 'f1_score': 0.0, 'support': 3.0}
{'class': 'C612', 'classifier': 'RF', 'precision': 0.0, 'recall': 0.0, 'f1_score': 0.0, 'support': 2.0}
{'class': 'C617', 'classifier': 'RF', 'precision': 0.5, 'recall': 0.25, 'f1_score': 0.33, 'support': 4.0}
{'class': 'C621', 'classifier': 'RF', 'precision': 0.0, 'recall': 0.0, 'f1_score': 0.0, 'support': 4.0}
{'class': 'C628', 'classifier': 'RF', 'precision': 0.5, 'recall': 0.8, 'f1_score': 0.62, 'support': 5.0}
{'class': 'C635', 'classifier': 'RF', 'precision': 0.5, 'recall': 0.33, 'f1_score': 0.4, 'support': 3.0}
{'class': 'C638', 'classifier': 'RF', 'precision': 0.0, 'recall': 0.0, 'f1_score': 0.0, 'support': 3.0}
{'class': 'C642', 'classifier': 'RF', 'precision': 0.0, 'recall': 0.0, 'f1_score': 0.0, 'support': 3.0}
{'class': 'C643', 'classifier': 'RF', 'precision': 0.0, 'recall': 0.0, 'f1_score': 0.0, 'support': 3.0}
{'class': 'C645', 'classifier': 'RF', 'precision': 0.0, 'recall': 0.0, 'f1_score': 0.0, 'support': 3.0}
{'class': 'C646', 'classifier': 'RF', 'precision': 0.2, 'recall': 0.33, 'f1_score': 0.25, 'support': 3.0}
{'class': 'C647', 'classifier': 'RF', 'precision': 0.5, 'recall': 0.5, 'f1_score': 0.5, 'support': 2.0}
{'class': 'C649', 'classifier': 'RF', 'precision': 0.0, 'recall': 0.0, 'f1_score': 0.0, 'support': 3.0}
{'class': 'C65', 'classifier': 'RF', 'precision': 0.0, 'recall': 0.0, 'f1_score': 0.0, 'support': 3.0}
{'class': 'C652', 'classifier': 'RF', 'precision': 0.0, 'recall': 0.0, 'f1_score': 0.0, 'support': 4.0}
{'class': 'C660', 'classifier': 'RF', 'precision': 0.0, 'recall': 0.0, 'f1_score': 0.0, 'support': 3.0}
{'class': 'C662', 'classifier': 'RF', 'precision': 0.0, 'recall': 0.0, 'f1_score': 0.0, 'support': 3.0}
{'class': 'C673', 'classifier': 'RF', 'precision': 0.5, 'recall': 0.25, 'f1_score': 0.33, 'support': 4.0}
{'class': 'C682', 'classifier': 'RF', 'precision': 0.0, 'recall': 0.0, 'f1_score': 0.0, 'support': 3.0}
{'class': 'C688', 'classifier': 'RF', 'precision': 1.0, 'recall': 0.75, 'f1_score': 0.86, 'support': 4.0}
{'class': 'C689', 'classifier': 'RF', 'precision': 1.0, 'recall': 1.0, 'f1_score': 1.0, 'support': 7.0}
{'class': 'C69', 'classifier': 'RF', 'precision': 0.2, 'recall': 0.33, 'f1_score': 0.25, 'support': 3.0}
{'class': 'C699', 'classifier': 'RF', 'precision': 0.0, 'recall': 0.0, 'f1_score': 0.0, 'support': 3.0}
{'class': 'C7', 'classifier': 'RF', 'precision': 0.0, 'recall': 0.0, 'f1_score': 0.0, 'support': 3.0}
{'class': 'C70', 'classifier': 'RF', 'precision': 0.0, 'recall': 0.0, 'f1_score': 0.0, 'support': 5.0}
{'class': 'C702', 'classifier': 'RF', 'precision': 0.0, 'recall': 0.0, 'f1_score': 0.0, 'support': 5.0}
{'class': 'C705', 'classifier': 'RF', 'precision': 0.33, 'recall': 0.33, 'f1_score': 0.33, 'support': 3.0}
{'class': 'C706', 'classifier': 'RF', 'precision': 0.5, 'recall': 0.33, 'f1_score': 0.4, 'support': 3.0}
{'class': 'C708', 'classifier': 'RF', 'precision': 0.0, 'recall': 0.0, 'f1_score': 0.0, 'support': 2.0}
{'class': 'C718', 'classifier': 'RF', 'precision': 0.5, 'recall': 1.0, 'f1_score': 0.67, 'support': 2.0}
{'class': 'C722', 'classifier': 'RF', 'precision': 0.5, 'recall': 0.33, 'f1_score': 0.4, 'support': 3.0}
{'class': 'C723', 'classifier': 'RF', 'precision': 0.0, 'recall': 0.0, 'f1_score': 0.0, 'support': 3.0}
{'class': 'C73', 'classifier': 'RF', 'precision': 0.0, 'recall': 0.0, 'f1_score': 0.0, 'support': 3.0}
{'class': 'C730', 'classifier': 'RF', 'precision': 1.0, 'recall': 1.0, 'f1_score': 1.0, 'support': 6.0}
{'class': 'C734', 'classifier': 'RF', 'precision': 0.33, 'recall': 0.2, 'f1_score': 0.25, 'support': 5.0}
{'class': 'C742', 'classifier': 'RF', 'precision': 0.18, 'recall': 0.4, 'f1_score': 0.25, 'support': 5.0}
{'class': 'C744', 'classifier': 'RF', 'precision': 0.0, 'recall': 0.0, 'f1_score': 0.0, 'support': 4.0}
{'class': 'C745', 'classifier': 'RF', 'precision': 0.0, 'recall': 0.0, 'f1_score': 0.0, 'support': 3.0}
{'class': 'C750', 'classifier': 'RF', 'precision': 0.0, 'recall': 0.0, 'f1_score': 0.0, 'support': 4.0}
{'class': 'C752', 'classifier': 'RF', 'precision': 0.0, 'recall': 0.0, 'f1_score': 0.0, 'support': 3.0}
{'class': 'C753', 'classifier': 'RF', 'precision': 0.0, 'recall': 0.0, 'f1_score': 0.0, 'support': 2.0}
{'class': 'C754', 'classifier': 'RF', 'precision': 0.5, 'recall': 0.6, 'f1_score': 0.55, 'support': 5.0}
{'class': 'C763', 'classifier': 'RF', 'precision': 0.0, 'recall': 0.0, 'f1_score': 0.0, 'support': 3.0}
{'class': 'C766', 'classifier': 'RF', 'precision': 0.67, 'recall': 0.67, 'f1_score': 0.67, 'support': 3.0}
{'class': 'C767', 'classifier': 'RF', 'precision': 0.33, 'recall': 0.33, 'f1_score': 0.33, 'support': 3.0}
{'class': 'C768', 'classifier': 'RF', 'precision': 0.0, 'recall': 0.0, 'f1_score': 0.0, 'support': 4.0}
{'class': 'C773', 'classifier': 'RF', 'precision': 0.33, 'recall': 0.67, 'f1_score': 0.44, 'support': 3.0}
{'class': 'C787', 'classifier': 'RF', 'precision': 0.33, 'recall': 0.33, 'f1_score': 0.33, 'support': 3.0}
{'class': 'C80', 'classifier': 'RF', 'precision': 0.0, 'recall': 0.0, 'f1_score': 0.0, 'support': 3.0}
{'class': 'C806', 'classifier': 'RF', 'precision': 0.0, 'recall': 0.0, 'f1_score': 0.0, 'support': 5.0}
{'class': 'C81', 'classifier': 'RF', 'precision': 0.2, 'recall': 0.2, 'f1_score': 0.2, 'support': 5.0}
{'class': 'C816', 'classifier': 'RF', 'precision': 0.0, 'recall': 0.0, 'f1_score': 0.0, 'support': 5.0}
{'class': 'C819', 'classifier': 'RF', 'precision': 1.0, 'recall': 0.33, 'f1_score': 0.5, 'support': 3.0}
{'class': 'C82', 'classifier': 'RF', 'precision': 0.0, 'recall': 0.0, 'f1_score': 0.0, 'support': 5.0}
{'class': 'C820', 'classifier': 'RF', 'precision': 1.0, 'recall': 1.0, 'f1_score': 1.0, 'support': 3.0}
{'class': 'C827', 'classifier': 'RF', 'precision': 0.0, 'recall': 0.0, 'f1_score': 0.0, 'support': 3.0}
{'class': 'C834', 'classifier': 'RF', 'precision': 0.0, 'recall': 0.0, 'f1_score': 0.0, 'support': 4.0}
{'class': 'C84', 'classifier': 'RF', 'precision': 0.14, 'recall': 0.2, 'f1_score': 0.17, 'support': 5.0}
{'class': 'C842', 'classifier': 'RF', 'precision': 0.0, 'recall': 0.0, 'f1_score': 0.0, 'support': 4.0}
{'class': 'C857', 'classifier': 'RF', 'precision': 0.0, 'recall': 0.0, 'f1_score': 0.0, 'support': 3.0}
{'class': 'C868', 'classifier': 'RF', 'precision': 0.0, 'recall': 0.0, 'f1_score': 0.0, 'support': 2.0}
{'class': 'C872', 'classifier': 'RF', 'precision': 0.0, 'recall': 0.0, 'f1_score': 0.0, 'support': 4.0}
{'class': 'C877', 'classifier': 'RF', 'precision': 0.0, 'recall': 0.0, 'f1_score': 0.0, 'support': 2.0}
{'class': 'C881', 'classifier': 'RF', 'precision': 0.33, 'recall': 0.6, 'f1_score': 0.43, 'support': 5.0}
{'class': 'C882', 'classifier': 'RF', 'precision': 1.0, 'recall': 0.5, 'f1_score': 0.67, 'support': 2.0}
{'class': 'C885', 'classifier': 'RF', 'precision': 0.43, 'recall': 0.86, 'f1_score': 0.57, 'support': 7.0}
{'class': 'C889', 'classifier': 'RF', 'precision': 0.0, 'recall': 0.0, 'f1_score': 0.0, 'support': 2.0}
{'class': 'C891', 'classifier': 'RF', 'precision': 0.5, 'recall': 1.0, 'f1_score': 0.67, 'support': 3.0}
{'class': 'C895', 'classifier': 'RF', 'precision': 0.67, 'recall': 0.5, 'f1_score': 0.57, 'support': 4.0}
{'class': 'C90', 'classifier': 'RF', 'precision': 0.0, 'recall': 0.0, 'f1_score': 0.0, 'support': 5.0}
{'class': 'C900', 'classifier': 'RF', 'precision': 0.0, 'recall': 0.0, 'f1_score': 0.0, 'support': 3.0}
{'class': 'C901', 'classifier': 'RF', 'precision': 0.25, 'recall': 0.25, 'f1_score': 0.25, 'support': 4.0}
{'class': 'C902', 'classifier': 'RF', 'precision': 0.43, 'recall': 0.75, 'f1_score': 0.55, 'support': 4.0}
{'class': 'C91', 'classifier': 'RF', 'precision': 0.0, 'recall': 0.0, 'f1_score': 0.0, 'support': 3.0}
{'class': 'C913', 'classifier': 'RF', 'precision': 0.67, 'recall': 1.0, 'f1_score': 0.8, 'support': 2.0}
{'class': 'C916', 'classifier': 'RF', 'precision': 0.0, 'recall': 0.0, 'f1_score': 0.0, 'support': 3.0}
{'class': 'C922', 'classifier': 'RF', 'precision': 0.0, 'recall': 0.0, 'f1_score': 0.0, 'support': 4.0}
{'class': 'C928', 'classifier': 'RF', 'precision': 0.2, 'recall': 0.4, 'f1_score': 0.27, 'support': 5.0}
{'class': 'C934', 'classifier': 'RF', 'precision': 0.1, 'recall': 0.2, 'f1_score': 0.13, 'support': 5.0}
{'class': 'C94', 'classifier': 'RF', 'precision': 0.0, 'recall': 0.0, 'f1_score': 0.0, 'support': 2.0}
{'class': 'C943', 'classifier': 'RF', 'precision': 0.2, 'recall': 0.29, 'f1_score': 0.24, 'support': 7.0}
{'class': 'C95', 'classifier': 'RF', 'precision': 0.0, 'recall': 0.0, 'f1_score': 0.0, 'support': 5.0}
{'class': 'C951', 'classifier': 'RF', 'precision': 0.0, 'recall': 0.0, 'f1_score': 0.0, 'support': 4.0}
{'class': 'C974', 'classifier': 'RF', 'precision': 0.2, 'recall': 0.2, 'f1_score': 0.2, 'support': 5.0}
{'class': 'C976', 'classifier': 'RF', 'precision': 0.0, 'recall': 0.0, 'f1_score': 0.0, 'support': 4.0}
{'class': 'C980', 'classifier': 'RF', 'precision': 0.0, 'recall': 0.0, 'f1_score': 0.0, 'support': 2.0}
{'class': 'C988', 'classifier': 'RF', 'precision': 0.0, 'recall': 0.0, 'f1_score': 0.0, 'support': 2.0}
{'class': 'C99', 'classifier': 'RF', 'precision': 0.27, 'recall': 0.6, 'f1_score': 0.37, 'support': 5.0}
{'class': 'C990', 'classifier': 'RF', 'precision': 0.5, 'recall': 0.25, 'f1_score': 0.33, 'support': 4.0}
{'class': 'C992', 'classifier': 'RF', 'precision': 0.0, 'recall': 0.0, 'f1_score': 0.0, 'support': 3.0}
{}
{'class': 'accuracy', 'classifier': 'RF', 'precision': 0.28, 'recall': 697.0}
[[300, 0.2769010043041607, 0.47058823529411764]]
Done.
Finished.
