Loading train and test data from... ../results/gowalla/run4/MasterMovelets/gowalla_ED/mnf_-1__q_LSP__ms_1__Ms_10/
Done.
Number of attributes: 57671
[300]
[300, 0.9418931583880038, 0.9803186504217432]
{'class': '142', 'classifier': 'RF', 'precision': 1.0, 'recall': 1.0, 'f1_score': 1.0, 'support': 3.0}
{'class': '143', 'classifier': 'RF', 'precision': 1.0, 'recall': 1.0, 'f1_score': 1.0, 'support': 4.0}
{'class': '218', 'classifier': 'RF', 'precision': 0.67, 'recall': 0.67, 'f1_score': 0.67, 'support': 3.0}
{'class': '221', 'classifier': 'RF', 'precision': 1.0, 'recall': 1.0, 'f1_score': 1.0, 'support': 6.0}
{'class': '291', 'classifier': 'RF', 'precision': 1.0, 'recall': 1.0, 'f1_score': 1.0, 'support': 3.0}
{'class': '337', 'classifier': 'RF', 'precision': 1.0, 'recall': 0.67, 'f1_score': 0.8, 'support': 3.0}
{'class': '339', 'classifier': 'RF', 'precision': 1.0, 'recall': 1.0, 'f1_score': 1.0, 'support': 3.0}
{'class': '350', 'classifier': 'RF', 'precision': 0.92, 'recall': 0.92, 'f1_score': 0.92, 'support': 12.0}
{'class': '446', 'classifier': 'RF', 'precision': 1.0, 'recall': 0.6, 'f1_score': 0.75, 'support': 5.0}
{'class': '460', 'classifier': 'RF', 'precision': 1.0, 'recall': 1.0, 'f1_score': 1.0, 'support': 7.0}
{'class': '468', 'classifier': 'RF', 'precision': 1.0, 'recall': 0.83, 'f1_score': 0.91, 'support': 6.0}
{'class': '476', 'classifier': 'RF', 'precision': 1.0, 'recall': 1.0, 'f1_score': 1.0, 'support': 3.0}
{'class': '494', 'classifier': 'RF', 'precision': 0.6, 'recall': 0.6, 'f1_score': 0.6, 'support': 5.0}
{'class': '539', 'classifier': 'RF', 'precision': 1.0, 'recall': 1.0, 'f1_score': 1.0, 'support': 6.0}
{'class': '540', 'classifier': 'RF', 'precision': 1.0, 'recall': 1.0, 'f1_score': 1.0, 'support': 8.0}
{'class': '569', 'classifier': 'RF', 'precision': 0.5, 'recall': 1.0, 'f1_score': 0.67, 'support': 2.0}
{'class': '677', 'classifier': 'RF', 'precision': 1.0, 'recall': 1.0, 'f1_score': 1.0, 'support': 2.0}
{'class': '708', 'classifier': 'RF', 'precision': 1.0, 'recall': 1.0, 'f1_score': 1.0, 'support': 3.0}
{'class': '743', 'classifier': 'RF', 'precision': 1.0, 'recall': 1.0, 'f1_score': 1.0, 'support': 4.0}
{'class': '779', 'classifier': 'RF', 'precision': 1.0, 'recall': 0.5, 'f1_score': 0.67, 'support': 2.0}
{'class': '830', 'classifier': 'RF', 'precision': 1.0, 'recall': 1.0, 'f1_score': 1.0, 'support': 2.0}
{'class': '832', 'classifier': 'RF', 'precision': 0.75, 'recall': 1.0, 'f1_score': 0.86, 'support': 3.0}
{'class': '865', 'classifier': 'RF', 'precision': 1.0, 'recall': 0.75, 'f1_score': 0.86, 'support': 4.0}
{'class': '869', 'classifier': 'RF', 'precision': 1.0, 'recall': 1.0, 'f1_score': 1.0, 'support': 2.0}
{'class': '884', 'classifier': 'RF', 'precision': 1.0, 'recall': 1.0, 'f1_score': 1.0, 'support': 3.0}
{'class': '908', 'classifier': 'RF', 'precision': 0.8, 'recall': 1.0, 'f1_score': 0.89, 'support': 4.0}
{'class': '969', 'classifier': 'RF', 'precision': 1.0, 'recall': 1.0, 'f1_score': 1.0, 'support': 3.0}
{'class': '1120', 'classifier': 'RF', 'precision': 1.0, 'recall': 1.0, 'f1_score': 1.0, 'support': 8.0}
{'class': '1176', 'classifier': 'RF', 'precision': 1.0, 'recall': 1.0, 'f1_score': 1.0, 'support': 8.0}
{'class': '1245', 'classifier': 'RF', 'precision': 1.0, 'recall': 0.5, 'f1_score': 0.67, 'support': 2.0}
{'class': '1247', 'classifier': 'RF', 'precision': 1.0, 'recall': 1.0, 'f1_score': 1.0, 'support': 6.0}
{'class': '1284', 'classifier': 'RF', 'precision': 1.0, 'recall': 1.0, 'f1_score': 1.0, 'support': 3.0}
{'class': '1358', 'classifier': 'RF', 'precision': 1.0, 'recall': 0.33, 'f1_score': 0.5, 'support': 3.0}
{'class': '1388', 'classifier': 'RF', 'precision': 1.0, 'recall': 1.0, 'f1_score': 1.0, 'support': 8.0}
{'class': '1400', 'classifier': 'RF', 'precision': 1.0, 'recall': 1.0, 'f1_score': 1.0, 'support': 6.0}
{'class': '1651', 'classifier': 'RF', 'precision': 0.83, 'recall': 1.0, 'f1_score': 0.91, 'support': 5.0}
{'class': '1848', 'classifier': 'RF', 'precision': 1.0, 'recall': 1.0, 'f1_score': 1.0, 'support': 3.0}
{'class': '2027', 'classifier': 'RF', 'precision': 1.0, 'recall': 1.0, 'f1_score': 1.0, 'support': 2.0}
{'class': '2141', 'classifier': 'RF', 'precision': 1.0, 'recall': 1.0, 'f1_score': 1.0, 'support': 4.0}
{'class': '2241', 'classifier': 'RF', 'precision': 1.0, 'recall': 1.0, 'f1_score': 1.0, 'support': 7.0}
{'class': '2242', 'classifier': 'RF', 'precision': 0.75, 'recall': 1.0, 'f1_score': 0.86, 'support': 3.0}
{'class': '2251', 'classifier': 'RF', 'precision': 0.83, 'recall': 1.0, 'f1_score': 0.91, 'support': 5.0}
{'class': '2515', 'classifier': 'RF', 'precision': 1.0, 'recall': 1.0, 'f1_score': 1.0, 'support': 2.0}
{'class': '2660', 'classifier': 'RF', 'precision': 1.0, 'recall': 1.0, 'f1_score': 1.0, 'support': 3.0}
{'class': '2661', 'classifier': 'RF', 'precision': 1.0, 'recall': 1.0, 'f1_score': 1.0, 'support': 4.0}
{'class': '2707', 'classifier': 'RF', 'precision': 1.0, 'recall': 1.0, 'f1_score': 1.0, 'support': 3.0}
{'class': '2751', 'classifier': 'RF', 'precision': 1.0, 'recall': 1.0, 'f1_score': 1.0, 'support': 3.0}
{'class': '2845', 'classifier': 'RF', 'precision': 1.0, 'recall': 1.0, 'f1_score': 1.0, 'support': 3.0}
{'class': '2875', 'classifier': 'RF', 'precision': 1.0, 'recall': 1.0, 'f1_score': 1.0, 'support': 2.0}
{'class': '2896', 'classifier': 'RF', 'precision': 1.0, 'recall': 1.0, 'f1_score': 1.0, 'support': 2.0}
{'class': '2996', 'classifier': 'RF', 'precision': 1.0, 'recall': 1.0, 'f1_score': 1.0, 'support': 3.0}
{'class': '3010', 'classifier': 'RF', 'precision': 1.0, 'recall': 1.0, 'f1_score': 1.0, 'support': 7.0}
{'class': '3074', 'classifier': 'RF', 'precision': 1.0, 'recall': 1.0, 'f1_score': 1.0, 'support': 7.0}
{'class': '3123', 'classifier': 'RF', 'precision': 0.83, 'recall': 1.0, 'f1_score': 0.91, 'support': 5.0}
{'class': '3129', 'classifier': 'RF', 'precision': 0.75, 'recall': 0.86, 'f1_score': 0.8, 'support': 7.0}
{'class': '3155', 'classifier': 'RF', 'precision': 1.0, 'recall': 1.0, 'f1_score': 1.0, 'support': 5.0}
{'class': '3157', 'classifier': 'RF', 'precision': 1.0, 'recall': 1.0, 'f1_score': 1.0, 'support': 6.0}
{'class': '3210', 'classifier': 'RF', 'precision': 1.0, 'recall': 1.0, 'f1_score': 1.0, 'support': 4.0}
{'class': '3222', 'classifier': 'RF', 'precision': 0.67, 'recall': 1.0, 'f1_score': 0.8, 'support': 2.0}
{'class': '3252', 'classifier': 'RF', 'precision': 0.75, 'recall': 1.0, 'f1_score': 0.86, 'support': 3.0}
{'class': '3335', 'classifier': 'RF', 'precision': 1.0, 'recall': 1.0, 'f1_score': 1.0, 'support': 3.0}
{'class': '3360', 'classifier': 'RF', 'precision': 1.0, 'recall': 1.0, 'f1_score': 1.0, 'support': 6.0}
{'class': '3376', 'classifier': 'RF', 'precision': 1.0, 'recall': 0.5, 'f1_score': 0.67, 'support': 2.0}
{'class': '3425', 'classifier': 'RF', 'precision': 1.0, 'recall': 1.0, 'f1_score': 1.0, 'support': 6.0}
{'class': '3426', 'classifier': 'RF', 'precision': 1.0, 'recall': 1.0, 'f1_score': 1.0, 'support': 4.0}
{'class': '3470', 'classifier': 'RF', 'precision': 1.0, 'recall': 1.0, 'f1_score': 1.0, 'support': 3.0}
{'class': '3480', 'classifier': 'RF', 'precision': 0.86, 'recall': 0.75, 'f1_score': 0.8, 'support': 8.0}
{'class': '3486', 'classifier': 'RF', 'precision': 1.0, 'recall': 1.0, 'f1_score': 1.0, 'support': 2.0}
{'class': '3559', 'classifier': 'RF', 'precision': 1.0, 'recall': 1.0, 'f1_score': 1.0, 'support': 3.0}
{'class': '3579', 'classifier': 'RF', 'precision': 1.0, 'recall': 1.0, 'f1_score': 1.0, 'support': 2.0}
{'class': '3667', 'classifier': 'RF', 'precision': 1.0, 'recall': 1.0, 'f1_score': 1.0, 'support': 5.0}
{'class': '3697', 'classifier': 'RF', 'precision': 1.0, 'recall': 0.33, 'f1_score': 0.5, 'support': 3.0}
{'class': '3698', 'classifier': 'RF', 'precision': 1.0, 'recall': 0.67, 'f1_score': 0.8, 'support': 3.0}
{'class': '3703', 'classifier': 'RF', 'precision': 1.0, 'recall': 1.0, 'f1_score': 1.0, 'support': 6.0}
{'class': '3708', 'classifier': 'RF', 'precision': 1.0, 'recall': 0.67, 'f1_score': 0.8, 'support': 3.0}
{'class': '3842', 'classifier': 'RF', 'precision': 1.0, 'recall': 1.0, 'f1_score': 1.0, 'support': 6.0}
{'class': '4057', 'classifier': 'RF', 'precision': 1.0, 'recall': 0.5, 'f1_score': 0.67, 'support': 2.0}
{'class': '4076', 'classifier': 'RF', 'precision': 0.8, 'recall': 1.0, 'f1_score': 0.89, 'support': 4.0}
{'class': '4078', 'classifier': 'RF', 'precision': 1.0, 'recall': 0.83, 'f1_score': 0.91, 'support': 6.0}
{'class': '4117', 'classifier': 'RF', 'precision': 1.0, 'recall': 0.33, 'f1_score': 0.5, 'support': 3.0}
{'class': '4256', 'classifier': 'RF', 'precision': 1.0, 'recall': 0.67, 'f1_score': 0.8, 'support': 3.0}
{'class': '4308', 'classifier': 'RF', 'precision': 1.0, 'recall': 1.0, 'f1_score': 1.0, 'support': 4.0}
{'class': '4368', 'classifier': 'RF', 'precision': 1.0, 'recall': 1.0, 'f1_score': 1.0, 'support': 7.0}
{'class': '4390', 'classifier': 'RF', 'precision': 1.0, 'recall': 0.88, 'f1_score': 0.93, 'support': 8.0}
{'class': '4435', 'classifier': 'RF', 'precision': 1.0, 'recall': 1.0, 'f1_score': 1.0, 'support': 2.0}
{'class': '4508', 'classifier': 'RF', 'precision': 1.0, 'recall': 1.0, 'f1_score': 1.0, 'support': 3.0}
{'class': '4517', 'classifier': 'RF', 'precision': 1.0, 'recall': 0.33, 'f1_score': 0.5, 'support': 3.0}
{'class': '4547', 'classifier': 'RF', 'precision': 1.0, 'recall': 1.0, 'f1_score': 1.0, 'support': 4.0}
{'class': '4634', 'classifier': 'RF', 'precision': 1.0, 'recall': 0.33, 'f1_score': 0.5, 'support': 3.0}
{'class': '4648', 'classifier': 'RF', 'precision': 1.0, 'recall': 1.0, 'f1_score': 1.0, 'support': 5.0}
{'class': '4855', 'classifier': 'RF', 'precision': 1.0, 'recall': 0.67, 'f1_score': 0.8, 'support': 3.0}
{'class': '4864', 'classifier': 'RF', 'precision': 1.0, 'recall': 1.0, 'f1_score': 1.0, 'support': 8.0}
{'class': '4883', 'classifier': 'RF', 'precision': 1.0, 'recall': 1.0, 'f1_score': 1.0, 'support': 6.0}
{'class': '4888', 'classifier': 'RF', 'precision': 1.0, 'recall': 0.5, 'f1_score': 0.67, 'support': 2.0}
{'class': '4890', 'classifier': 'RF', 'precision': 0.0, 'recall': 0.0, 'f1_score': 0.0, 'support': 2.0}
{'class': '4896', 'classifier': 'RF', 'precision': 1.0, 'recall': 1.0, 'f1_score': 1.0, 'support': 4.0}
{'class': '4929', 'classifier': 'RF', 'precision': 0.5, 'recall': 1.0, 'f1_score': 0.67, 'support': 3.0}
{'class': '5164', 'classifier': 'RF', 'precision': 1.0, 'recall': 1.0, 'f1_score': 1.0, 'support': 2.0}
{'class': '5204', 'classifier': 'RF', 'precision': 1.0, 'recall': 1.0, 'f1_score': 1.0, 'support': 2.0}
{'class': '5219', 'classifier': 'RF', 'precision': 1.0, 'recall': 1.0, 'f1_score': 1.0, 'support': 2.0}
{'class': '5247', 'classifier': 'RF', 'precision': 1.0, 'recall': 1.0, 'f1_score': 1.0, 'support': 5.0}
{'class': '5267', 'classifier': 'RF', 'precision': 0.86, 'recall': 1.0, 'f1_score': 0.92, 'support': 6.0}
{'class': '5337', 'classifier': 'RF', 'precision': 1.0, 'recall': 1.0, 'f1_score': 1.0, 'support': 3.0}
{'class': '5406', 'classifier': 'RF', 'precision': 1.0, 'recall': 1.0, 'f1_score': 1.0, 'support': 4.0}
{'class': '5479', 'classifier': 'RF', 'precision': 1.0, 'recall': 1.0, 'f1_score': 1.0, 'support': 8.0}
{'class': '5496', 'classifier': 'RF', 'precision': 1.0, 'recall': 1.0, 'f1_score': 1.0, 'support': 4.0}
{'class': '5518', 'classifier': 'RF', 'precision': 0.67, 'recall': 1.0, 'f1_score': 0.8, 'support': 2.0}
{'class': '5677', 'classifier': 'RF', 'precision': 1.0, 'recall': 0.67, 'f1_score': 0.8, 'support': 3.0}
{'class': '5734', 'classifier': 'RF', 'precision': 1.0, 'recall': 1.0, 'f1_score': 1.0, 'support': 4.0}
{'class': '5812', 'classifier': 'RF', 'precision': 0.89, 'recall': 1.0, 'f1_score': 0.94, 'support': 8.0}
{'class': '5980', 'classifier': 'RF', 'precision': 1.0, 'recall': 1.0, 'f1_score': 1.0, 'support': 5.0}
{'class': '6135', 'classifier': 'RF', 'precision': 0.75, 'recall': 1.0, 'f1_score': 0.86, 'support': 3.0}
{'class': '6183', 'classifier': 'RF', 'precision': 0.5, 'recall': 0.75, 'f1_score': 0.6, 'support': 4.0}
{'class': '6278', 'classifier': 'RF', 'precision': 0.73, 'recall': 0.89, 'f1_score': 0.8, 'support': 9.0}
{'class': '6303', 'classifier': 'RF', 'precision': 1.0, 'recall': 1.0, 'f1_score': 1.0, 'support': 4.0}
{'class': '6319', 'classifier': 'RF', 'precision': 0.86, 'recall': 1.0, 'f1_score': 0.92, 'support': 6.0}
{'class': '6321', 'classifier': 'RF', 'precision': 1.0, 'recall': 1.0, 'f1_score': 1.0, 'support': 2.0}
{'class': '6336', 'classifier': 'RF', 'precision': 1.0, 'recall': 1.0, 'f1_score': 1.0, 'support': 4.0}
{'class': '6453', 'classifier': 'RF', 'precision': 0.75, 'recall': 1.0, 'f1_score': 0.86, 'support': 3.0}
{'class': '6466', 'classifier': 'RF', 'precision': 0.5, 'recall': 0.5, 'f1_score': 0.5, 'support': 2.0}
{'class': '6927', 'classifier': 'RF', 'precision': 0.67, 'recall': 0.67, 'f1_score': 0.67, 'support': 3.0}
{'class': '8091', 'classifier': 'RF', 'precision': 1.0, 'recall': 1.0, 'f1_score': 1.0, 'support': 2.0}
{'class': '8404', 'classifier': 'RF', 'precision': 1.0, 'recall': 1.0, 'f1_score': 1.0, 'support': 4.0}
{'class': '8833', 'classifier': 'RF', 'precision': 1.0, 'recall': 1.0, 'f1_score': 1.0, 'support': 3.0}
{'class': '8941', 'classifier': 'RF', 'precision': 1.0, 'recall': 1.0, 'f1_score': 1.0, 'support': 2.0}
{'class': '9677', 'classifier': 'RF', 'precision': 1.0, 'recall': 1.0, 'f1_score': 1.0, 'support': 3.0}
{'class': '10034', 'classifier': 'RF', 'precision': 1.0, 'recall': 0.67, 'f1_score': 0.8, 'support': 3.0}
{'class': '10094', 'classifier': 'RF', 'precision': 1.0, 'recall': 1.0, 'f1_score': 1.0, 'support': 2.0}
{'class': '10107', 'classifier': 'RF', 'precision': 1.0, 'recall': 1.0, 'f1_score': 1.0, 'support': 3.0}
{'class': '10153', 'classifier': 'RF', 'precision': 1.0, 'recall': 1.0, 'f1_score': 1.0, 'support': 2.0}
{'class': '10176', 'classifier': 'RF', 'precision': 1.0, 'recall': 0.67, 'f1_score': 0.8, 'support': 3.0}
{'class': '10222', 'classifier': 'RF', 'precision': 1.0, 'recall': 1.0, 'f1_score': 1.0, 'support': 3.0}
{'class': '10248', 'classifier': 'RF', 'precision': 0.83, 'recall': 1.0, 'f1_score': 0.91, 'support': 5.0}
{'class': '10367', 'classifier': 'RF', 'precision': 1.0, 'recall': 0.67, 'f1_score': 0.8, 'support': 3.0}
{'class': '10410', 'classifier': 'RF', 'precision': 0.88, 'recall': 0.88, 'f1_score': 0.88, 'support': 8.0}
{'class': '10445', 'classifier': 'RF', 'precision': 0.75, 'recall': 1.0, 'f1_score': 0.86, 'support': 3.0}
{'class': '10522', 'classifier': 'RF', 'precision': 1.0, 'recall': 1.0, 'f1_score': 1.0, 'support': 6.0}
{'class': '10616', 'classifier': 'RF', 'precision': 1.0, 'recall': 0.67, 'f1_score': 0.8, 'support': 3.0}
{'class': '10832', 'classifier': 'RF', 'precision': 1.0, 'recall': 0.5, 'f1_score': 0.67, 'support': 2.0}
{'class': '10971', 'classifier': 'RF', 'precision': 1.0, 'recall': 1.0, 'f1_score': 1.0, 'support': 3.0}
{'class': '10974', 'classifier': 'RF', 'precision': 1.0, 'recall': 1.0, 'f1_score': 1.0, 'support': 3.0}
{'class': '11006', 'classifier': 'RF', 'precision': 1.0, 'recall': 1.0, 'f1_score': 1.0, 'support': 2.0}
{'class': '11029', 'classifier': 'RF', 'precision': 1.0, 'recall': 1.0, 'f1_score': 1.0, 'support': 2.0}
{'class': '11053', 'classifier': 'RF', 'precision': 0.33, 'recall': 0.25, 'f1_score': 0.29, 'support': 4.0}
{'class': '11074', 'classifier': 'RF', 'precision': 1.0, 'recall': 1.0, 'f1_score': 1.0, 'support': 2.0}
{'class': '11112', 'classifier': 'RF', 'precision': 1.0, 'recall': 1.0, 'f1_score': 1.0, 'support': 2.0}
{'class': '11143', 'classifier': 'RF', 'precision': 0.5, 'recall': 1.0, 'f1_score': 0.67, 'support': 4.0}
{'class': '11205', 'classifier': 'RF', 'precision': 1.0, 'recall': 1.0, 'f1_score': 1.0, 'support': 2.0}
{'class': '11212', 'classifier': 'RF', 'precision': 1.0, 'recall': 1.0, 'f1_score': 1.0, 'support': 2.0}
{'class': '11275', 'classifier': 'RF', 'precision': 1.0, 'recall': 1.0, 'f1_score': 1.0, 'support': 3.0}
{'class': '11295', 'classifier': 'RF', 'precision': 1.0, 'recall': 0.5, 'f1_score': 0.67, 'support': 4.0}
{'class': '11896', 'classifier': 'RF', 'precision': 1.0, 'recall': 0.5, 'f1_score': 0.67, 'support': 2.0}
{'class': '12321', 'classifier': 'RF', 'precision': 1.0, 'recall': 1.0, 'f1_score': 1.0, 'support': 2.0}
{'class': '12681', 'classifier': 'RF', 'precision': 1.0, 'recall': 1.0, 'f1_score': 1.0, 'support': 2.0}
{'class': '12942', 'classifier': 'RF', 'precision': 1.0, 'recall': 0.8, 'f1_score': 0.89, 'support': 5.0}
{'class': '13081', 'classifier': 'RF', 'precision': 1.0, 'recall': 1.0, 'f1_score': 1.0, 'support': 3.0}
{'class': '13436', 'classifier': 'RF', 'precision': 1.0, 'recall': 1.0, 'f1_score': 1.0, 'support': 3.0}
{'class': '14452', 'classifier': 'RF', 'precision': 1.0, 'recall': 1.0, 'f1_score': 1.0, 'support': 3.0}
{'class': '14470', 'classifier': 'RF', 'precision': 1.0, 'recall': 1.0, 'f1_score': 1.0, 'support': 2.0}
{'class': '14814', 'classifier': 'RF', 'precision': 1.0, 'recall': 1.0, 'f1_score': 1.0, 'support': 6.0}
{'class': '14918', 'classifier': 'RF', 'precision': 1.0, 'recall': 1.0, 'f1_score': 1.0, 'support': 2.0}
{'class': '15566', 'classifier': 'RF', 'precision': 1.0, 'recall': 1.0, 'f1_score': 1.0, 'support': 4.0}
{'class': '16464', 'classifier': 'RF', 'precision': 1.0, 'recall': 1.0, 'f1_score': 1.0, 'support': 4.0}
{'class': '16931', 'classifier': 'RF', 'precision': 1.0, 'recall': 0.67, 'f1_score': 0.8, 'support': 3.0}
{'class': '18190', 'classifier': 'RF', 'precision': 1.0, 'recall': 1.0, 'f1_score': 1.0, 'support': 5.0}
{'class': '18426', 'classifier': 'RF', 'precision': 1.0, 'recall': 1.0, 'f1_score': 1.0, 'support': 4.0}
{'class': '18564', 'classifier': 'RF', 'precision': 1.0, 'recall': 1.0, 'f1_score': 1.0, 'support': 6.0}
{'class': '18623', 'classifier': 'RF', 'precision': 1.0, 'recall': 1.0, 'f1_score': 1.0, 'support': 2.0}
{'class': '18768', 'classifier': 'RF', 'precision': 1.0, 'recall': 1.0, 'f1_score': 1.0, 'support': 5.0}
{'class': '19082', 'classifier': 'RF', 'precision': 1.0, 'recall': 1.0, 'f1_score': 1.0, 'support': 6.0}
{'class': '19285', 'classifier': 'RF', 'precision': 1.0, 'recall': 1.0, 'f1_score': 1.0, 'support': 3.0}
{'class': '19293', 'classifier': 'RF', 'precision': 0.67, 'recall': 1.0, 'f1_score': 0.8, 'support': 2.0}
{'class': '19378', 'classifier': 'RF', 'precision': 1.0, 'recall': 1.0, 'f1_score': 1.0, 'support': 6.0}
{'class': '19531', 'classifier': 'RF', 'precision': 1.0, 'recall': 1.0, 'f1_score': 1.0, 'support': 2.0}
{'class': '19565', 'classifier': 'RF', 'precision': 1.0, 'recall': 1.0, 'f1_score': 1.0, 'support': 3.0}
{'class': '19665', 'classifier': 'RF', 'precision': 1.0, 'recall': 1.0, 'f1_score': 1.0, 'support': 3.0}
{'class': '19709', 'classifier': 'RF', 'precision': 1.0, 'recall': 1.0, 'f1_score': 1.0, 'support': 6.0}
{'class': '19755', 'classifier': 'RF', 'precision': 1.0, 'recall': 1.0, 'f1_score': 1.0, 'support': 6.0}
{'class': '19807', 'classifier': 'RF', 'precision': 1.0, 'recall': 1.0, 'f1_score': 1.0, 'support': 3.0}
{'class': '19857', 'classifier': 'RF', 'precision': 1.0, 'recall': 1.0, 'f1_score': 1.0, 'support': 3.0}
{'class': '20104', 'classifier': 'RF', 'precision': 1.0, 'recall': 1.0, 'f1_score': 1.0, 'support': 2.0}
{'class': '22142', 'classifier': 'RF', 'precision': 1.0, 'recall': 1.0, 'f1_score': 1.0, 'support': 5.0}
{'class': '25406', 'classifier': 'RF', 'precision': 1.0, 'recall': 1.0, 'f1_score': 1.0, 'support': 3.0}
{'class': '25459', 'classifier': 'RF', 'precision': 1.0, 'recall': 1.0, 'f1_score': 1.0, 'support': 2.0}
{'class': '26856', 'classifier': 'RF', 'precision': 1.0, 'recall': 0.5, 'f1_score': 0.67, 'support': 2.0}
{'class': '28375', 'classifier': 'RF', 'precision': 1.0, 'recall': 1.0, 'f1_score': 1.0, 'support': 4.0}
{'class': '28399', 'classifier': 'RF', 'precision': 1.0, 'recall': 1.0, 'f1_score': 1.0, 'support': 3.0}
{'class': '28406', 'classifier': 'RF', 'precision': 0.75, 'recall': 1.0, 'f1_score': 0.86, 'support': 3.0}
{'class': '29105', 'classifier': 'RF', 'precision': 1.0, 'recall': 1.0, 'f1_score': 1.0, 'support': 7.0}
{'class': '30006', 'classifier': 'RF', 'precision': 1.0, 'recall': 1.0, 'f1_score': 1.0, 'support': 2.0}
{'class': '32389', 'classifier': 'RF', 'precision': 1.0, 'recall': 1.0, 'f1_score': 1.0, 'support': 2.0}
{'class': '33495', 'classifier': 'RF', 'precision': 1.0, 'recall': 1.0, 'f1_score': 1.0, 'support': 2.0}
{'class': '33782', 'classifier': 'RF', 'precision': 1.0, 'recall': 1.0, 'f1_score': 1.0, 'support': 2.0}
{'class': '33834', 'classifier': 'RF', 'precision': 1.0, 'recall': 1.0, 'f1_score': 1.0, 'support': 2.0}
{'class': '36075', 'classifier': 'RF', 'precision': 1.0, 'recall': 1.0, 'f1_score': 1.0, 'support': 3.0}
{'class': '36712', 'classifier': 'RF', 'precision': 1.0, 'recall': 1.0, 'f1_score': 1.0, 'support': 2.0}
{'class': '37398', 'classifier': 'RF', 'precision': 1.0, 'recall': 1.0, 'f1_score': 1.0, 'support': 2.0}
{'class': '38089', 'classifier': 'RF', 'precision': 1.0, 'recall': 1.0, 'f1_score': 1.0, 'support': 3.0}
{'class': '38364', 'classifier': 'RF', 'precision': 1.0, 'recall': 1.0, 'f1_score': 1.0, 'support': 5.0}
{'class': '38481', 'classifier': 'RF', 'precision': 1.0, 'recall': 1.0, 'f1_score': 1.0, 'support': 4.0}
{'class': '38515', 'classifier': 'RF', 'precision': 0.83, 'recall': 1.0, 'f1_score': 0.91, 'support': 5.0}
{'class': '38546', 'classifier': 'RF', 'precision': 1.0, 'recall': 1.0, 'f1_score': 1.0, 'support': 4.0}
{'class': '38681', 'classifier': 'RF', 'precision': 1.0, 'recall': 1.0, 'f1_score': 1.0, 'support': 3.0}
{'class': '38818', 'classifier': 'RF', 'precision': 1.0, 'recall': 1.0, 'f1_score': 1.0, 'support': 3.0}
{'class': '39016', 'classifier': 'RF', 'precision': 1.0, 'recall': 1.0, 'f1_score': 1.0, 'support': 2.0}
{'class': '39547', 'classifier': 'RF', 'precision': 1.0, 'recall': 1.0, 'f1_score': 1.0, 'support': 2.0}
{'class': '39557', 'classifier': 'RF', 'precision': 1.0, 'recall': 1.0, 'f1_score': 1.0, 'support': 3.0}
{'class': '39561', 'classifier': 'RF', 'precision': 1.0, 'recall': 1.0, 'f1_score': 1.0, 'support': 2.0}
{'class': '39613', 'classifier': 'RF', 'precision': 1.0, 'recall': 1.0, 'f1_score': 1.0, 'support': 5.0}
{'class': '39622', 'classifier': 'RF', 'precision': 1.0, 'recall': 1.0, 'f1_score': 1.0, 'support': 2.0}
{'class': '39628', 'classifier': 'RF', 'precision': 1.0, 'recall': 1.0, 'f1_score': 1.0, 'support': 3.0}
{'class': '39631', 'classifier': 'RF', 'precision': 1.0, 'recall': 1.0, 'f1_score': 1.0, 'support': 3.0}
{'class': '39648', 'classifier': 'RF', 'precision': 1.0, 'recall': 1.0, 'f1_score': 1.0, 'support': 8.0}
{'class': '39723', 'classifier': 'RF', 'precision': 0.8, 'recall': 1.0, 'f1_score': 0.89, 'support': 4.0}
{'class': '41577', 'classifier': 'RF', 'precision': 0.75, 'recall': 1.0, 'f1_score': 0.86, 'support': 3.0}
{'class': '45244', 'classifier': 'RF', 'precision': 1.0, 'recall': 1.0, 'f1_score': 1.0, 'support': 3.0}
{'class': '47987', 'classifier': 'RF', 'precision': 1.0, 'recall': 1.0, 'f1_score': 1.0, 'support': 3.0}
{'class': '48534', 'classifier': 'RF', 'precision': 0.75, 'recall': 1.0, 'f1_score': 0.86, 'support': 3.0}
{'class': '48657', 'classifier': 'RF', 'precision': 1.0, 'recall': 1.0, 'f1_score': 1.0, 'support': 3.0}
{'class': '49101', 'classifier': 'RF', 'precision': 1.0, 'recall': 1.0, 'f1_score': 1.0, 'support': 2.0}
{'class': '49103', 'classifier': 'RF', 'precision': 1.0, 'recall': 1.0, 'f1_score': 1.0, 'support': 4.0}
{'class': '49804', 'classifier': 'RF', 'precision': 1.0, 'recall': 1.0, 'f1_score': 1.0, 'support': 2.0}
{'class': '49918', 'classifier': 'RF', 'precision': 1.0, 'recall': 0.75, 'f1_score': 0.86, 'support': 4.0}
{'class': '56524', 'classifier': 'RF', 'precision': 1.0, 'recall': 1.0, 'f1_score': 1.0, 'support': 3.0}
{'class': '57158', 'classifier': 'RF', 'precision': 1.0, 'recall': 1.0, 'f1_score': 1.0, 'support': 2.0}
{'class': '59959', 'classifier': 'RF', 'precision': 0.5, 'recall': 0.5, 'f1_score': 0.5, 'support': 2.0}
{'class': '69144', 'classifier': 'RF', 'precision': 0.67, 'recall': 1.0, 'f1_score': 0.8, 'support': 2.0}
{'class': '69181', 'classifier': 'RF', 'precision': 0.67, 'recall': 1.0, 'f1_score': 0.8, 'support': 2.0}
{'class': '69729', 'classifier': 'RF', 'precision': 1.0, 'recall': 1.0, 'f1_score': 1.0, 'support': 3.0}
{'class': '71244', 'classifier': 'RF', 'precision': 0.6, 'recall': 1.0, 'f1_score': 0.75, 'support': 3.0}
{'class': '82947', 'classifier': 'RF', 'precision': 1.0, 'recall': 1.0, 'f1_score': 1.0, 'support': 3.0}
{'class': '84943', 'classifier': 'RF', 'precision': 1.0, 'recall': 1.0, 'f1_score': 1.0, 'support': 2.0}
{'class': '87275', 'classifier': 'RF', 'precision': 1.0, 'recall': 1.0, 'f1_score': 1.0, 'support': 2.0}
{'class': '89850', 'classifier': 'RF', 'precision': 1.0, 'recall': 1.0, 'f1_score': 1.0, 'support': 4.0}
{'class': '89958', 'classifier': 'RF', 'precision': 1.0, 'recall': 1.0, 'f1_score': 1.0, 'support': 3.0}
{'class': '90754', 'classifier': 'RF', 'precision': 1.0, 'recall': 1.0, 'f1_score': 1.0, 'support': 2.0}
{'class': '100174', 'classifier': 'RF', 'precision': 1.0, 'recall': 1.0, 'f1_score': 1.0, 'support': 6.0}
{'class': '100470', 'classifier': 'RF', 'precision': 1.0, 'recall': 1.0, 'f1_score': 1.0, 'support': 2.0}
{'class': '101542', 'classifier': 'RF', 'precision': 1.0, 'recall': 1.0, 'f1_score': 1.0, 'support': 3.0}
{'class': '102640', 'classifier': 'RF', 'precision': 1.0, 'recall': 1.0, 'f1_score': 1.0, 'support': 2.0}
{'class': '102829', 'classifier': 'RF', 'precision': 1.0, 'recall': 1.0, 'f1_score': 1.0, 'support': 3.0}
{'class': '102869', 'classifier': 'RF', 'precision': 1.0, 'recall': 1.0, 'f1_score': 1.0, 'support': 3.0}
{'class': '103387', 'classifier': 'RF', 'precision': 1.0, 'recall': 1.0, 'f1_score': 1.0, 'support': 5.0}
{'class': '103549', 'classifier': 'RF', 'precision': 1.0, 'recall': 1.0, 'f1_score': 1.0, 'support': 3.0}
{'class': '103737', 'classifier': 'RF', 'precision': 1.0, 'recall': 1.0, 'f1_score': 1.0, 'support': 4.0}
{'class': '103840', 'classifier': 'RF', 'precision': 1.0, 'recall': 1.0, 'f1_score': 1.0, 'support': 2.0}
{'class': '103924', 'classifier': 'RF', 'precision': 1.0, 'recall': 1.0, 'f1_score': 1.0, 'support': 6.0}
{'class': '104139', 'classifier': 'RF', 'precision': 1.0, 'recall': 1.0, 'f1_score': 1.0, 'support': 2.0}
{'class': '104312', 'classifier': 'RF', 'precision': 1.0, 'recall': 1.0, 'f1_score': 1.0, 'support': 6.0}
{'class': '104758', 'classifier': 'RF', 'precision': 1.0, 'recall': 1.0, 'f1_score': 1.0, 'support': 2.0}
{'class': '104769', 'classifier': 'RF', 'precision': 1.0, 'recall': 1.0, 'f1_score': 1.0, 'support': 3.0}
{'class': '104921', 'classifier': 'RF', 'precision': 1.0, 'recall': 1.0, 'f1_score': 1.0, 'support': 2.0}
{'class': '105825', 'classifier': 'RF', 'precision': 0.75, 'recall': 1.0, 'f1_score': 0.86, 'support': 3.0}
{'class': '106123', 'classifier': 'RF', 'precision': 1.0, 'recall': 1.0, 'f1_score': 1.0, 'support': 5.0}
{'class': '106154', 'classifier': 'RF', 'precision': 1.0, 'recall': 1.0, 'f1_score': 1.0, 'support': 3.0}
{'class': '106163', 'classifier': 'RF', 'precision': 1.0, 'recall': 1.0, 'f1_score': 1.0, 'support': 3.0}
{'class': '106541', 'classifier': 'RF', 'precision': 1.0, 'recall': 1.0, 'f1_score': 1.0, 'support': 3.0}
{'class': '107009', 'classifier': 'RF', 'precision': 1.0, 'recall': 1.0, 'f1_score': 1.0, 'support': 3.0}
{'class': '107182', 'classifier': 'RF', 'precision': 1.0, 'recall': 1.0, 'f1_score': 1.0, 'support': 3.0}
{'class': '107206', 'classifier': 'RF', 'precision': 1.0, 'recall': 1.0, 'f1_score': 1.0, 'support': 2.0}
{'class': '107623', 'classifier': 'RF', 'precision': 1.0, 'recall': 1.0, 'f1_score': 1.0, 'support': 2.0}
{'class': '108117', 'classifier': 'RF', 'precision': 1.0, 'recall': 1.0, 'f1_score': 1.0, 'support': 4.0}
{'class': '108131', 'classifier': 'RF', 'precision': 1.0, 'recall': 1.0, 'f1_score': 1.0, 'support': 4.0}
{'class': '108841', 'classifier': 'RF', 'precision': 1.0, 'recall': 1.0, 'f1_score': 1.0, 'support': 2.0}
{'class': '109625', 'classifier': 'RF', 'precision': 1.0, 'recall': 0.8, 'f1_score': 0.89, 'support': 5.0}
{'class': '110523', 'classifier': 'RF', 'precision': 1.0, 'recall': 1.0, 'f1_score': 1.0, 'support': 6.0}
{'class': '110953', 'classifier': 'RF', 'precision': 1.0, 'recall': 1.0, 'f1_score': 1.0, 'support': 2.0}
{'class': '110975', 'classifier': 'RF', 'precision': 1.0, 'recall': 1.0, 'f1_score': 1.0, 'support': 2.0}
{'class': '111979', 'classifier': 'RF', 'precision': 1.0, 'recall': 1.0, 'f1_score': 1.0, 'support': 2.0}
{'class': '113194', 'classifier': 'RF', 'precision': 1.0, 'recall': 1.0, 'f1_score': 1.0, 'support': 5.0}
{'class': '113411', 'classifier': 'RF', 'precision': 1.0, 'recall': 1.0, 'f1_score': 1.0, 'support': 5.0}
{'class': '116441', 'classifier': 'RF', 'precision': 1.0, 'recall': 0.67, 'f1_score': 0.8, 'support': 3.0}
{'class': '118449', 'classifier': 'RF', 'precision': 1.0, 'recall': 1.0, 'f1_score': 1.0, 'support': 2.0}
{'class': '119314', 'classifier': 'RF', 'precision': 1.0, 'recall': 1.0, 'f1_score': 1.0, 'support': 3.0}
{'class': '119425', 'classifier': 'RF', 'precision': 1.0, 'recall': 1.0, 'f1_score': 1.0, 'support': 2.0}
{'class': '119431', 'classifier': 'RF', 'precision': 1.0, 'recall': 1.0, 'f1_score': 1.0, 'support': 5.0}
{'class': '121146', 'classifier': 'RF', 'precision': 1.0, 'recall': 1.0, 'f1_score': 1.0, 'support': 2.0}
{'class': '121970', 'classifier': 'RF', 'precision': 1.0, 'recall': 1.0, 'f1_score': 1.0, 'support': 2.0}
{'class': '122357', 'classifier': 'RF', 'precision': 1.0, 'recall': 0.5, 'f1_score': 0.67, 'support': 2.0}
{'class': '124101', 'classifier': 'RF', 'precision': 1.0, 'recall': 1.0, 'f1_score': 1.0, 'support': 3.0}
{'class': '124512', 'classifier': 'RF', 'precision': 0.67, 'recall': 1.0, 'f1_score': 0.8, 'support': 2.0}
{'class': '124522', 'classifier': 'RF', 'precision': 1.0, 'recall': 1.0, 'f1_score': 1.0, 'support': 3.0}
{'class': '124727', 'classifier': 'RF', 'precision': 0.8, 'recall': 1.0, 'f1_score': 0.89, 'support': 4.0}
{'class': '124868', 'classifier': 'RF', 'precision': 1.0, 'recall': 1.0, 'f1_score': 1.0, 'support': 2.0}
{'class': '125164', 'classifier': 'RF', 'precision': 1.0, 'recall': 1.0, 'f1_score': 1.0, 'support': 2.0}
{'class': '126312', 'classifier': 'RF', 'precision': 1.0, 'recall': 1.0, 'f1_score': 1.0, 'support': 2.0}
{'class': '128114', 'classifier': 'RF', 'precision': 0.8, 'recall': 1.0, 'f1_score': 0.89, 'support': 4.0}
{'class': '128268', 'classifier': 'RF', 'precision': 1.0, 'recall': 1.0, 'f1_score': 1.0, 'support': 4.0}
{'class': '129273', 'classifier': 'RF', 'precision': 1.0, 'recall': 1.0, 'f1_score': 1.0, 'support': 2.0}
{'class': '129893', 'classifier': 'RF', 'precision': 1.0, 'recall': 1.0, 'f1_score': 1.0, 'support': 3.0}
{'class': '132468', 'classifier': 'RF', 'precision': 1.0, 'recall': 1.0, 'f1_score': 1.0, 'support': 3.0}
{'class': '133891', 'classifier': 'RF', 'precision': 1.0, 'recall': 1.0, 'f1_score': 1.0, 'support': 3.0}
{'class': '136385', 'classifier': 'RF', 'precision': 0.75, 'recall': 0.75, 'f1_score': 0.75, 'support': 4.0}
{'class': '139378', 'classifier': 'RF', 'precision': 1.0, 'recall': 1.0, 'f1_score': 1.0, 'support': 3.0}
{'class': '142661', 'classifier': 'RF', 'precision': 1.0, 'recall': 1.0, 'f1_score': 1.0, 'support': 3.0}
{'class': '148505', 'classifier': 'RF', 'precision': 1.0, 'recall': 0.5, 'f1_score': 0.67, 'support': 2.0}
{'class': '149121', 'classifier': 'RF', 'precision': 1.0, 'recall': 1.0, 'f1_score': 1.0, 'support': 2.0}
{'class': '153026', 'classifier': 'RF', 'precision': 1.0, 'recall': 1.0, 'f1_score': 1.0, 'support': 2.0}
{'class': '157210', 'classifier': 'RF', 'precision': 1.0, 'recall': 1.0, 'f1_score': 1.0, 'support': 2.0}
{'class': '168955', 'classifier': 'RF', 'precision': 0.67, 'recall': 1.0, 'f1_score': 0.8, 'support': 2.0}
{}
{'class': 'accuracy', 'classifier': 'RF', 'precision': 0.94, 'recall': 1067.0}
[[300, 0.9418931583880038, 0.9803186504217432]]
Done.
Finished.
