Loading train and test data from... ../results/brightkite/run5/MasterMovelets/brightkite_ED/mnf_-1__q_LSP__ms_1__Ms_10/
Done.
Number of attributes: 86813
[300]
[300, 0.9639580602883355, 0.990170380078637]
{'class': '41', 'classifier': 'RF', 'precision': 0.67, 'recall': 0.67, 'f1_score': 0.67, 'support': 3.0}
{'class': '43', 'classifier': 'RF', 'precision': 1.0, 'recall': 1.0, 'f1_score': 1.0, 'support': 3.0}
{'class': '146', 'classifier': 'RF', 'precision': 1.0, 'recall': 1.0, 'f1_score': 1.0, 'support': 9.0}
{'class': '149', 'classifier': 'RF', 'precision': 0.83, 'recall': 1.0, 'f1_score': 0.91, 'support': 10.0}
{'class': '190', 'classifier': 'RF', 'precision': 1.0, 'recall': 1.0, 'f1_score': 1.0, 'support': 3.0}
{'class': '221', 'classifier': 'RF', 'precision': 1.0, 'recall': 1.0, 'f1_score': 1.0, 'support': 9.0}
{'class': '224', 'classifier': 'RF', 'precision': 1.0, 'recall': 0.33, 'f1_score': 0.5, 'support': 3.0}
{'class': '264', 'classifier': 'RF', 'precision': 1.0, 'recall': 0.4, 'f1_score': 0.57, 'support': 5.0}
{'class': '279', 'classifier': 'RF', 'precision': 1.0, 'recall': 0.88, 'f1_score': 0.93, 'support': 8.0}
{'class': '299', 'classifier': 'RF', 'precision': 1.0, 'recall': 1.0, 'f1_score': 1.0, 'support': 7.0}
{'class': '321', 'classifier': 'RF', 'precision': 1.0, 'recall': 1.0, 'f1_score': 1.0, 'support': 2.0}
{'class': '568', 'classifier': 'RF', 'precision': 0.9, 'recall': 0.9, 'f1_score': 0.9, 'support': 10.0}
{'class': '570', 'classifier': 'RF', 'precision': 1.0, 'recall': 1.0, 'f1_score': 1.0, 'support': 2.0}
{'class': '623', 'classifier': 'RF', 'precision': 1.0, 'recall': 1.0, 'f1_score': 1.0, 'support': 6.0}
{'class': '650', 'classifier': 'RF', 'precision': 1.0, 'recall': 0.75, 'f1_score': 0.86, 'support': 4.0}
{'class': '662', 'classifier': 'RF', 'precision': 1.0, 'recall': 1.0, 'f1_score': 1.0, 'support': 4.0}
{'class': '686', 'classifier': 'RF', 'precision': 1.0, 'recall': 1.0, 'f1_score': 1.0, 'support': 8.0}
{'class': '718', 'classifier': 'RF', 'precision': 1.0, 'recall': 1.0, 'f1_score': 1.0, 'support': 4.0}
{'class': '818', 'classifier': 'RF', 'precision': 1.0, 'recall': 1.0, 'f1_score': 1.0, 'support': 3.0}
{'class': '824', 'classifier': 'RF', 'precision': 0.0, 'recall': 0.0, 'f1_score': 0.0, 'support': 2.0}
{'class': '851', 'classifier': 'RF', 'precision': 0.83, 'recall': 0.83, 'f1_score': 0.83, 'support': 6.0}
{'class': '852', 'classifier': 'RF', 'precision': 1.0, 'recall': 1.0, 'f1_score': 1.0, 'support': 6.0}
{'class': '878', 'classifier': 'RF', 'precision': 1.0, 'recall': 1.0, 'f1_score': 1.0, 'support': 5.0}
{'class': '900', 'classifier': 'RF', 'precision': 0.67, 'recall': 0.67, 'f1_score': 0.67, 'support': 3.0}
{'class': '963', 'classifier': 'RF', 'precision': 1.0, 'recall': 0.83, 'f1_score': 0.91, 'support': 6.0}
{'class': '1075', 'classifier': 'RF', 'precision': 1.0, 'recall': 1.0, 'f1_score': 1.0, 'support': 5.0}
{'class': '1076', 'classifier': 'RF', 'precision': 0.91, 'recall': 0.91, 'f1_score': 0.91, 'support': 11.0}
{'class': '1094', 'classifier': 'RF', 'precision': 1.0, 'recall': 1.0, 'f1_score': 1.0, 'support': 5.0}
{'class': '1095', 'classifier': 'RF', 'precision': 0.88, 'recall': 1.0, 'f1_score': 0.93, 'support': 7.0}
{'class': '1141', 'classifier': 'RF', 'precision': 1.0, 'recall': 1.0, 'f1_score': 1.0, 'support': 8.0}
{'class': '1170', 'classifier': 'RF', 'precision': 0.8, 'recall': 1.0, 'f1_score': 0.89, 'support': 4.0}
{'class': '1240', 'classifier': 'RF', 'precision': 1.0, 'recall': 1.0, 'f1_score': 1.0, 'support': 5.0}
{'class': '1302', 'classifier': 'RF', 'precision': 1.0, 'recall': 1.0, 'f1_score': 1.0, 'support': 10.0}
{'class': '1446', 'classifier': 'RF', 'precision': 0.9, 'recall': 1.0, 'f1_score': 0.95, 'support': 9.0}
{'class': '1497', 'classifier': 'RF', 'precision': 1.0, 'recall': 1.0, 'f1_score': 1.0, 'support': 9.0}
{'class': '1513', 'classifier': 'RF', 'precision': 1.0, 'recall': 1.0, 'f1_score': 1.0, 'support': 2.0}
{'class': '1559', 'classifier': 'RF', 'precision': 1.0, 'recall': 1.0, 'f1_score': 1.0, 'support': 6.0}
{'class': '1769', 'classifier': 'RF', 'precision': 1.0, 'recall': 1.0, 'f1_score': 1.0, 'support': 11.0}
{'class': '1770', 'classifier': 'RF', 'precision': 1.0, 'recall': 1.0, 'f1_score': 1.0, 'support': 18.0}
{'class': '1771', 'classifier': 'RF', 'precision': 0.88, 'recall': 1.0, 'f1_score': 0.93, 'support': 7.0}
{'class': '1875', 'classifier': 'RF', 'precision': 1.0, 'recall': 1.0, 'f1_score': 1.0, 'support': 5.0}
{'class': '1892', 'classifier': 'RF', 'precision': 1.0, 'recall': 0.67, 'f1_score': 0.8, 'support': 3.0}
{'class': '1907', 'classifier': 'RF', 'precision': 0.75, 'recall': 1.0, 'f1_score': 0.86, 'support': 3.0}
{'class': '1912', 'classifier': 'RF', 'precision': 0.88, 'recall': 1.0, 'f1_score': 0.93, 'support': 7.0}
{'class': '1939', 'classifier': 'RF', 'precision': 1.0, 'recall': 1.0, 'f1_score': 1.0, 'support': 2.0}
{'class': '1952', 'classifier': 'RF', 'precision': 0.67, 'recall': 1.0, 'f1_score': 0.8, 'support': 2.0}
{'class': '1968', 'classifier': 'RF', 'precision': 1.0, 'recall': 1.0, 'f1_score': 1.0, 'support': 6.0}
{'class': '2005', 'classifier': 'RF', 'precision': 1.0, 'recall': 0.89, 'f1_score': 0.94, 'support': 9.0}
{'class': '2029', 'classifier': 'RF', 'precision': 1.0, 'recall': 1.0, 'f1_score': 1.0, 'support': 4.0}
{'class': '2059', 'classifier': 'RF', 'precision': 1.0, 'recall': 0.67, 'f1_score': 0.8, 'support': 3.0}
{'class': '2134', 'classifier': 'RF', 'precision': 1.0, 'recall': 1.0, 'f1_score': 1.0, 'support': 10.0}
{'class': '2138', 'classifier': 'RF', 'precision': 1.0, 'recall': 1.0, 'f1_score': 1.0, 'support': 15.0}
{'class': '2147', 'classifier': 'RF', 'precision': 1.0, 'recall': 1.0, 'f1_score': 1.0, 'support': 3.0}
{'class': '2152', 'classifier': 'RF', 'precision': 0.6, 'recall': 1.0, 'f1_score': 0.75, 'support': 3.0}
{'class': '2189', 'classifier': 'RF', 'precision': 1.0, 'recall': 1.0, 'f1_score': 1.0, 'support': 2.0}
{'class': '2191', 'classifier': 'RF', 'precision': 0.67, 'recall': 1.0, 'f1_score': 0.8, 'support': 2.0}
{'class': '2208', 'classifier': 'RF', 'precision': 1.0, 'recall': 0.6, 'f1_score': 0.75, 'support': 5.0}
{'class': '2276', 'classifier': 'RF', 'precision': 1.0, 'recall': 0.5, 'f1_score': 0.67, 'support': 2.0}
{'class': '2365', 'classifier': 'RF', 'precision': 1.0, 'recall': 1.0, 'f1_score': 1.0, 'support': 6.0}
{'class': '2399', 'classifier': 'RF', 'precision': 1.0, 'recall': 1.0, 'f1_score': 1.0, 'support': 2.0}
{'class': '2807', 'classifier': 'RF', 'precision': 1.0, 'recall': 0.75, 'f1_score': 0.86, 'support': 4.0}
{'class': '2808', 'classifier': 'RF', 'precision': 1.0, 'recall': 0.89, 'f1_score': 0.94, 'support': 9.0}
{'class': '2824', 'classifier': 'RF', 'precision': 1.0, 'recall': 1.0, 'f1_score': 1.0, 'support': 4.0}
{'class': '2829', 'classifier': 'RF', 'precision': 1.0, 'recall': 1.0, 'f1_score': 1.0, 'support': 7.0}
{'class': '2845', 'classifier': 'RF', 'precision': 1.0, 'recall': 1.0, 'f1_score': 1.0, 'support': 13.0}
{'class': '2847', 'classifier': 'RF', 'precision': 1.0, 'recall': 1.0, 'f1_score': 1.0, 'support': 7.0}
{'class': '2857', 'classifier': 'RF', 'precision': 1.0, 'recall': 1.0, 'f1_score': 1.0, 'support': 3.0}
{'class': '2865', 'classifier': 'RF', 'precision': 0.7, 'recall': 0.78, 'f1_score': 0.74, 'support': 9.0}
{'class': '2868', 'classifier': 'RF', 'precision': 1.0, 'recall': 0.86, 'f1_score': 0.92, 'support': 7.0}
{'class': '2874', 'classifier': 'RF', 'precision': 1.0, 'recall': 1.0, 'f1_score': 1.0, 'support': 8.0}
{'class': '2903', 'classifier': 'RF', 'precision': 1.0, 'recall': 1.0, 'f1_score': 1.0, 'support': 4.0}
{'class': '2932', 'classifier': 'RF', 'precision': 1.0, 'recall': 1.0, 'f1_score': 1.0, 'support': 11.0}
{'class': '2933', 'classifier': 'RF', 'precision': 1.0, 'recall': 1.0, 'f1_score': 1.0, 'support': 12.0}
{'class': '2941', 'classifier': 'RF', 'precision': 1.0, 'recall': 1.0, 'f1_score': 1.0, 'support': 6.0}
{'class': '2959', 'classifier': 'RF', 'precision': 1.0, 'recall': 1.0, 'f1_score': 1.0, 'support': 16.0}
{'class': '2967', 'classifier': 'RF', 'precision': 1.0, 'recall': 1.0, 'f1_score': 1.0, 'support': 2.0}
{'class': '2971', 'classifier': 'RF', 'precision': 1.0, 'recall': 1.0, 'f1_score': 1.0, 'support': 9.0}
{'class': '2978', 'classifier': 'RF', 'precision': 1.0, 'recall': 1.0, 'f1_score': 1.0, 'support': 2.0}
{'class': '2994', 'classifier': 'RF', 'precision': 1.0, 'recall': 1.0, 'f1_score': 1.0, 'support': 4.0}
{'class': '3043', 'classifier': 'RF', 'precision': 1.0, 'recall': 1.0, 'f1_score': 1.0, 'support': 4.0}
{'class': '3044', 'classifier': 'RF', 'precision': 1.0, 'recall': 1.0, 'f1_score': 1.0, 'support': 2.0}
{'class': '3061', 'classifier': 'RF', 'precision': 1.0, 'recall': 1.0, 'f1_score': 1.0, 'support': 3.0}
{'class': '3108', 'classifier': 'RF', 'precision': 0.92, 'recall': 1.0, 'f1_score': 0.96, 'support': 12.0}
{'class': '3147', 'classifier': 'RF', 'precision': 1.0, 'recall': 1.0, 'f1_score': 1.0, 'support': 2.0}
{'class': '3362', 'classifier': 'RF', 'precision': 1.0, 'recall': 1.0, 'f1_score': 1.0, 'support': 9.0}
{'class': '3368', 'classifier': 'RF', 'precision': 1.0, 'recall': 1.0, 'f1_score': 1.0, 'support': 3.0}
{'class': '3401', 'classifier': 'RF', 'precision': 1.0, 'recall': 1.0, 'f1_score': 1.0, 'support': 3.0}
{'class': '3402', 'classifier': 'RF', 'precision': 1.0, 'recall': 1.0, 'f1_score': 1.0, 'support': 7.0}
{'class': '3410', 'classifier': 'RF', 'precision': 1.0, 'recall': 1.0, 'f1_score': 1.0, 'support': 2.0}
{'class': '3458', 'classifier': 'RF', 'precision': 1.0, 'recall': 1.0, 'f1_score': 1.0, 'support': 3.0}
{'class': '3711', 'classifier': 'RF', 'precision': 1.0, 'recall': 1.0, 'f1_score': 1.0, 'support': 2.0}
{'class': '3730', 'classifier': 'RF', 'precision': 1.0, 'recall': 1.0, 'f1_score': 1.0, 'support': 4.0}
{'class': '3810', 'classifier': 'RF', 'precision': 1.0, 'recall': 1.0, 'f1_score': 1.0, 'support': 2.0}
{'class': '3841', 'classifier': 'RF', 'precision': 1.0, 'recall': 1.0, 'f1_score': 1.0, 'support': 7.0}
{'class': '4016', 'classifier': 'RF', 'precision': 1.0, 'recall': 0.67, 'f1_score': 0.8, 'support': 3.0}
{'class': '4041', 'classifier': 'RF', 'precision': 1.0, 'recall': 1.0, 'f1_score': 1.0, 'support': 5.0}
{'class': '4544', 'classifier': 'RF', 'precision': 1.0, 'recall': 0.75, 'f1_score': 0.86, 'support': 4.0}
{'class': '4570', 'classifier': 'RF', 'precision': 1.0, 'recall': 1.0, 'f1_score': 1.0, 'support': 4.0}
{'class': '4613', 'classifier': 'RF', 'precision': 1.0, 'recall': 1.0, 'f1_score': 1.0, 'support': 12.0}
{'class': '5210', 'classifier': 'RF', 'precision': 1.0, 'recall': 1.0, 'f1_score': 1.0, 'support': 5.0}
{'class': '5375', 'classifier': 'RF', 'precision': 0.67, 'recall': 1.0, 'f1_score': 0.8, 'support': 2.0}
{'class': '5589', 'classifier': 'RF', 'precision': 1.0, 'recall': 1.0, 'f1_score': 1.0, 'support': 2.0}
{'class': '5626', 'classifier': 'RF', 'precision': 1.0, 'recall': 1.0, 'f1_score': 1.0, 'support': 2.0}
{'class': '5700', 'classifier': 'RF', 'precision': 1.0, 'recall': 0.75, 'f1_score': 0.86, 'support': 4.0}
{'class': '6169', 'classifier': 'RF', 'precision': 1.0, 'recall': 1.0, 'f1_score': 1.0, 'support': 5.0}
{'class': '6185', 'classifier': 'RF', 'precision': 1.0, 'recall': 1.0, 'f1_score': 1.0, 'support': 16.0}
{'class': '6199', 'classifier': 'RF', 'precision': 1.0, 'recall': 0.83, 'f1_score': 0.91, 'support': 6.0}
{'class': '6205', 'classifier': 'RF', 'precision': 1.0, 'recall': 1.0, 'f1_score': 1.0, 'support': 3.0}
{'class': '6208', 'classifier': 'RF', 'precision': 0.86, 'recall': 1.0, 'f1_score': 0.92, 'support': 6.0}
{'class': '6247', 'classifier': 'RF', 'precision': 0.67, 'recall': 1.0, 'f1_score': 0.8, 'support': 2.0}
{'class': '6269', 'classifier': 'RF', 'precision': 1.0, 'recall': 1.0, 'f1_score': 1.0, 'support': 7.0}
{'class': '6290', 'classifier': 'RF', 'precision': 1.0, 'recall': 1.0, 'f1_score': 1.0, 'support': 7.0}
{'class': '6381', 'classifier': 'RF', 'precision': 1.0, 'recall': 1.0, 'f1_score': 1.0, 'support': 3.0}
{'class': '6612', 'classifier': 'RF', 'precision': 0.91, 'recall': 1.0, 'f1_score': 0.95, 'support': 10.0}
{'class': '6687', 'classifier': 'RF', 'precision': 1.0, 'recall': 1.0, 'f1_score': 1.0, 'support': 9.0}
{'class': '6793', 'classifier': 'RF', 'precision': 1.0, 'recall': 1.0, 'f1_score': 1.0, 'support': 5.0}
{'class': '6833', 'classifier': 'RF', 'precision': 0.83, 'recall': 0.71, 'f1_score': 0.77, 'support': 7.0}
{'class': '6847', 'classifier': 'RF', 'precision': 1.0, 'recall': 1.0, 'f1_score': 1.0, 'support': 3.0}
{'class': '6895', 'classifier': 'RF', 'precision': 0.89, 'recall': 0.89, 'f1_score': 0.89, 'support': 9.0}
{'class': '6903', 'classifier': 'RF', 'precision': 1.0, 'recall': 1.0, 'f1_score': 1.0, 'support': 6.0}
{'class': '6906', 'classifier': 'RF', 'precision': 1.0, 'recall': 1.0, 'f1_score': 1.0, 'support': 15.0}
{'class': '6907', 'classifier': 'RF', 'precision': 1.0, 'recall': 0.92, 'f1_score': 0.96, 'support': 12.0}
{'class': '6925', 'classifier': 'RF', 'precision': 0.8, 'recall': 1.0, 'f1_score': 0.89, 'support': 4.0}
{'class': '6933', 'classifier': 'RF', 'precision': 1.0, 'recall': 1.0, 'f1_score': 1.0, 'support': 4.0}
{'class': '6955', 'classifier': 'RF', 'precision': 1.0, 'recall': 1.0, 'f1_score': 1.0, 'support': 5.0}
{'class': '7108', 'classifier': 'RF', 'precision': 1.0, 'recall': 1.0, 'f1_score': 1.0, 'support': 5.0}
{'class': '7115', 'classifier': 'RF', 'precision': 1.0, 'recall': 1.0, 'f1_score': 1.0, 'support': 9.0}
{'class': '7125', 'classifier': 'RF', 'precision': 1.0, 'recall': 1.0, 'f1_score': 1.0, 'support': 5.0}
{'class': '7217', 'classifier': 'RF', 'precision': 1.0, 'recall': 1.0, 'f1_score': 1.0, 'support': 2.0}
{'class': '7218', 'classifier': 'RF', 'precision': 1.0, 'recall': 1.0, 'f1_score': 1.0, 'support': 3.0}
{'class': '7226', 'classifier': 'RF', 'precision': 0.67, 'recall': 1.0, 'f1_score': 0.8, 'support': 2.0}
{'class': '7363', 'classifier': 'RF', 'precision': 1.0, 'recall': 0.75, 'f1_score': 0.86, 'support': 4.0}
{'class': '7419', 'classifier': 'RF', 'precision': 1.0, 'recall': 1.0, 'f1_score': 1.0, 'support': 6.0}
{'class': '7421', 'classifier': 'RF', 'precision': 1.0, 'recall': 1.0, 'f1_score': 1.0, 'support': 5.0}
{'class': '7424', 'classifier': 'RF', 'precision': 0.75, 'recall': 1.0, 'f1_score': 0.86, 'support': 3.0}
{'class': '7427', 'classifier': 'RF', 'precision': 1.0, 'recall': 1.0, 'f1_score': 1.0, 'support': 3.0}
{'class': '7450', 'classifier': 'RF', 'precision': 1.0, 'recall': 1.0, 'f1_score': 1.0, 'support': 2.0}
{'class': '7464', 'classifier': 'RF', 'precision': 1.0, 'recall': 1.0, 'f1_score': 1.0, 'support': 3.0}
{'class': '7467', 'classifier': 'RF', 'precision': 1.0, 'recall': 1.0, 'f1_score': 1.0, 'support': 2.0}
{'class': '7522', 'classifier': 'RF', 'precision': 0.8, 'recall': 1.0, 'f1_score': 0.89, 'support': 16.0}
{'class': '7523', 'classifier': 'RF', 'precision': 0.92, 'recall': 1.0, 'f1_score': 0.96, 'support': 11.0}
{'class': '7528', 'classifier': 'RF', 'precision': 1.0, 'recall': 1.0, 'f1_score': 1.0, 'support': 2.0}
{'class': '7529', 'classifier': 'RF', 'precision': 0.75, 'recall': 1.0, 'f1_score': 0.86, 'support': 3.0}
{'class': '7530', 'classifier': 'RF', 'precision': 1.0, 'recall': 1.0, 'f1_score': 1.0, 'support': 7.0}
{'class': '7553', 'classifier': 'RF', 'precision': 1.0, 'recall': 1.0, 'f1_score': 1.0, 'support': 10.0}
{'class': '7557', 'classifier': 'RF', 'precision': 1.0, 'recall': 1.0, 'f1_score': 1.0, 'support': 10.0}
{'class': '7579', 'classifier': 'RF', 'precision': 1.0, 'recall': 1.0, 'f1_score': 1.0, 'support': 13.0}
{'class': '7604', 'classifier': 'RF', 'precision': 1.0, 'recall': 1.0, 'f1_score': 1.0, 'support': 12.0}
{'class': '7613', 'classifier': 'RF', 'precision': 1.0, 'recall': 0.83, 'f1_score': 0.91, 'support': 6.0}
{'class': '7618', 'classifier': 'RF', 'precision': 1.0, 'recall': 1.0, 'f1_score': 1.0, 'support': 3.0}
{'class': '7619', 'classifier': 'RF', 'precision': 1.0, 'recall': 1.0, 'f1_score': 1.0, 'support': 5.0}
{'class': '7632', 'classifier': 'RF', 'precision': 1.0, 'recall': 0.91, 'f1_score': 0.95, 'support': 11.0}
{'class': '7648', 'classifier': 'RF', 'precision': 1.0, 'recall': 1.0, 'f1_score': 1.0, 'support': 7.0}
{'class': '7723', 'classifier': 'RF', 'precision': 0.67, 'recall': 1.0, 'f1_score': 0.8, 'support': 2.0}
{'class': '7741', 'classifier': 'RF', 'precision': 1.0, 'recall': 1.0, 'f1_score': 1.0, 'support': 5.0}
{'class': '7788', 'classifier': 'RF', 'precision': 1.0, 'recall': 1.0, 'f1_score': 1.0, 'support': 2.0}
{'class': '7844', 'classifier': 'RF', 'precision': 1.0, 'recall': 1.0, 'f1_score': 1.0, 'support': 10.0}
{'class': '7927', 'classifier': 'RF', 'precision': 1.0, 'recall': 1.0, 'f1_score': 1.0, 'support': 4.0}
{'class': '8067', 'classifier': 'RF', 'precision': 1.0, 'recall': 1.0, 'f1_score': 1.0, 'support': 2.0}
{'class': '8127', 'classifier': 'RF', 'precision': 1.0, 'recall': 1.0, 'f1_score': 1.0, 'support': 4.0}
{'class': '8231', 'classifier': 'RF', 'precision': 1.0, 'recall': 1.0, 'f1_score': 1.0, 'support': 4.0}
{'class': '8267', 'classifier': 'RF', 'precision': 1.0, 'recall': 1.0, 'f1_score': 1.0, 'support': 6.0}
{'class': '8268', 'classifier': 'RF', 'precision': 1.0, 'recall': 1.0, 'f1_score': 1.0, 'support': 3.0}
{'class': '8291', 'classifier': 'RF', 'precision': 1.0, 'recall': 1.0, 'f1_score': 1.0, 'support': 2.0}
{'class': '8549', 'classifier': 'RF', 'precision': 1.0, 'recall': 1.0, 'f1_score': 1.0, 'support': 6.0}
{'class': '8724', 'classifier': 'RF', 'precision': 0.5, 'recall': 0.4, 'f1_score': 0.44, 'support': 5.0}
{'class': '8725', 'classifier': 'RF', 'precision': 1.0, 'recall': 1.0, 'f1_score': 1.0, 'support': 7.0}
{'class': '8748', 'classifier': 'RF', 'precision': 1.0, 'recall': 1.0, 'f1_score': 1.0, 'support': 2.0}
{'class': '8794', 'classifier': 'RF', 'precision': 1.0, 'recall': 0.5, 'f1_score': 0.67, 'support': 2.0}
{'class': '8907', 'classifier': 'RF', 'precision': 0.8, 'recall': 1.0, 'f1_score': 0.89, 'support': 4.0}
{'class': '8921', 'classifier': 'RF', 'precision': 1.0, 'recall': 1.0, 'f1_score': 1.0, 'support': 2.0}
{'class': '8941', 'classifier': 'RF', 'precision': 1.0, 'recall': 1.0, 'f1_score': 1.0, 'support': 8.0}
{'class': '9103', 'classifier': 'RF', 'precision': 1.0, 'recall': 1.0, 'f1_score': 1.0, 'support': 2.0}
{'class': '9129', 'classifier': 'RF', 'precision': 1.0, 'recall': 1.0, 'f1_score': 1.0, 'support': 2.0}
{'class': '9240', 'classifier': 'RF', 'precision': 1.0, 'recall': 1.0, 'f1_score': 1.0, 'support': 3.0}
{'class': '9311', 'classifier': 'RF', 'precision': 1.0, 'recall': 1.0, 'f1_score': 1.0, 'support': 2.0}
{'class': '9548', 'classifier': 'RF', 'precision': 1.0, 'recall': 1.0, 'f1_score': 1.0, 'support': 5.0}
{'class': '9566', 'classifier': 'RF', 'precision': 1.0, 'recall': 1.0, 'f1_score': 1.0, 'support': 8.0}
{'class': '9906', 'classifier': 'RF', 'precision': 1.0, 'recall': 1.0, 'f1_score': 1.0, 'support': 3.0}
{'class': '9912', 'classifier': 'RF', 'precision': 1.0, 'recall': 1.0, 'f1_score': 1.0, 'support': 2.0}
{'class': '10208', 'classifier': 'RF', 'precision': 1.0, 'recall': 1.0, 'f1_score': 1.0, 'support': 7.0}
{'class': '10238', 'classifier': 'RF', 'precision': 0.92, 'recall': 1.0, 'f1_score': 0.96, 'support': 12.0}
{'class': '10271', 'classifier': 'RF', 'precision': 1.0, 'recall': 1.0, 'f1_score': 1.0, 'support': 2.0}
{'class': '10333', 'classifier': 'RF', 'precision': 1.0, 'recall': 1.0, 'f1_score': 1.0, 'support': 9.0}
{'class': '10428', 'classifier': 'RF', 'precision': 1.0, 'recall': 1.0, 'f1_score': 1.0, 'support': 3.0}
{'class': '10537', 'classifier': 'RF', 'precision': 1.0, 'recall': 1.0, 'f1_score': 1.0, 'support': 3.0}
{'class': '10557', 'classifier': 'RF', 'precision': 0.6, 'recall': 0.75, 'f1_score': 0.67, 'support': 4.0}
{'class': '10587', 'classifier': 'RF', 'precision': 1.0, 'recall': 1.0, 'f1_score': 1.0, 'support': 3.0}
{'class': '10617', 'classifier': 'RF', 'precision': 1.0, 'recall': 1.0, 'f1_score': 1.0, 'support': 5.0}
{'class': '10852', 'classifier': 'RF', 'precision': 1.0, 'recall': 1.0, 'f1_score': 1.0, 'support': 3.0}
{'class': '10889', 'classifier': 'RF', 'precision': 1.0, 'recall': 1.0, 'f1_score': 1.0, 'support': 2.0}
{'class': '10902', 'classifier': 'RF', 'precision': 1.0, 'recall': 1.0, 'f1_score': 1.0, 'support': 2.0}
{'class': '10947', 'classifier': 'RF', 'precision': 1.0, 'recall': 1.0, 'f1_score': 1.0, 'support': 13.0}
{'class': '11271', 'classifier': 'RF', 'precision': 1.0, 'recall': 1.0, 'f1_score': 1.0, 'support': 2.0}
{'class': '11300', 'classifier': 'RF', 'precision': 1.0, 'recall': 1.0, 'f1_score': 1.0, 'support': 8.0}
{'class': '11333', 'classifier': 'RF', 'precision': 1.0, 'recall': 1.0, 'f1_score': 1.0, 'support': 3.0}
{'class': '11361', 'classifier': 'RF', 'precision': 1.0, 'recall': 1.0, 'f1_score': 1.0, 'support': 4.0}
{'class': '11527', 'classifier': 'RF', 'precision': 1.0, 'recall': 1.0, 'f1_score': 1.0, 'support': 5.0}
{'class': '11530', 'classifier': 'RF', 'precision': 1.0, 'recall': 1.0, 'f1_score': 1.0, 'support': 10.0}
{'class': '11549', 'classifier': 'RF', 'precision': 1.0, 'recall': 1.0, 'f1_score': 1.0, 'support': 6.0}
{'class': '11581', 'classifier': 'RF', 'precision': 0.4, 'recall': 1.0, 'f1_score': 0.57, 'support': 2.0}
{'class': '11587', 'classifier': 'RF', 'precision': 1.0, 'recall': 1.0, 'f1_score': 1.0, 'support': 3.0}
{'class': '11592', 'classifier': 'RF', 'precision': 1.0, 'recall': 1.0, 'f1_score': 1.0, 'support': 6.0}
{'class': '11595', 'classifier': 'RF', 'precision': 1.0, 'recall': 0.5, 'f1_score': 0.67, 'support': 2.0}
{'class': '11692', 'classifier': 'RF', 'precision': 0.86, 'recall': 1.0, 'f1_score': 0.92, 'support': 6.0}
{'class': '11743', 'classifier': 'RF', 'precision': 1.0, 'recall': 1.0, 'f1_score': 1.0, 'support': 2.0}
{'class': '11756', 'classifier': 'RF', 'precision': 1.0, 'recall': 1.0, 'f1_score': 1.0, 'support': 3.0}
{'class': '11765', 'classifier': 'RF', 'precision': 1.0, 'recall': 1.0, 'f1_score': 1.0, 'support': 3.0}
{'class': '11841', 'classifier': 'RF', 'precision': 1.0, 'recall': 1.0, 'f1_score': 1.0, 'support': 2.0}
{'class': '11931', 'classifier': 'RF', 'precision': 1.0, 'recall': 1.0, 'f1_score': 1.0, 'support': 5.0}
{'class': '11996', 'classifier': 'RF', 'precision': 1.0, 'recall': 0.67, 'f1_score': 0.8, 'support': 3.0}
{'class': '12043', 'classifier': 'RF', 'precision': 0.75, 'recall': 1.0, 'f1_score': 0.86, 'support': 3.0}
{'class': '12815', 'classifier': 'RF', 'precision': 1.0, 'recall': 1.0, 'f1_score': 1.0, 'support': 2.0}
{'class': '12882', 'classifier': 'RF', 'precision': 1.0, 'recall': 1.0, 'f1_score': 1.0, 'support': 2.0}
{'class': '12900', 'classifier': 'RF', 'precision': 1.0, 'recall': 1.0, 'f1_score': 1.0, 'support': 10.0}
{'class': '13039', 'classifier': 'RF', 'precision': 1.0, 'recall': 1.0, 'f1_score': 1.0, 'support': 3.0}
{'class': '13119', 'classifier': 'RF', 'precision': 1.0, 'recall': 1.0, 'f1_score': 1.0, 'support': 3.0}
{'class': '13130', 'classifier': 'RF', 'precision': 1.0, 'recall': 0.6, 'f1_score': 0.75, 'support': 5.0}
{'class': '13176', 'classifier': 'RF', 'precision': 1.0, 'recall': 1.0, 'f1_score': 1.0, 'support': 6.0}
{'class': '13220', 'classifier': 'RF', 'precision': 1.0, 'recall': 1.0, 'f1_score': 1.0, 'support': 4.0}
{'class': '13288', 'classifier': 'RF', 'precision': 1.0, 'recall': 1.0, 'f1_score': 1.0, 'support': 11.0}
{'class': '13297', 'classifier': 'RF', 'precision': 1.0, 'recall': 1.0, 'f1_score': 1.0, 'support': 11.0}
{'class': '13355', 'classifier': 'RF', 'precision': 1.0, 'recall': 1.0, 'f1_score': 1.0, 'support': 2.0}
{'class': '13583', 'classifier': 'RF', 'precision': 1.0, 'recall': 0.5, 'f1_score': 0.67, 'support': 2.0}
{'class': '13591', 'classifier': 'RF', 'precision': 1.0, 'recall': 1.0, 'f1_score': 1.0, 'support': 8.0}
{'class': '13617', 'classifier': 'RF', 'precision': 1.0, 'recall': 1.0, 'f1_score': 1.0, 'support': 6.0}
{'class': '13679', 'classifier': 'RF', 'precision': 1.0, 'recall': 1.0, 'f1_score': 1.0, 'support': 3.0}
{'class': '13853', 'classifier': 'RF', 'precision': 1.0, 'recall': 1.0, 'f1_score': 1.0, 'support': 4.0}
{'class': '13916', 'classifier': 'RF', 'precision': 1.0, 'recall': 1.0, 'f1_score': 1.0, 'support': 3.0}
{'class': '14196', 'classifier': 'RF', 'precision': 0.8, 'recall': 1.0, 'f1_score': 0.89, 'support': 4.0}
{'class': '14356', 'classifier': 'RF', 'precision': 1.0, 'recall': 1.0, 'f1_score': 1.0, 'support': 3.0}
{'class': '15018', 'classifier': 'RF', 'precision': 1.0, 'recall': 1.0, 'f1_score': 1.0, 'support': 7.0}
{'class': '15310', 'classifier': 'RF', 'precision': 1.0, 'recall': 1.0, 'f1_score': 1.0, 'support': 3.0}
{'class': '16118', 'classifier': 'RF', 'precision': 1.0, 'recall': 1.0, 'f1_score': 1.0, 'support': 11.0}
{'class': '16586', 'classifier': 'RF', 'precision': 1.0, 'recall': 1.0, 'f1_score': 1.0, 'support': 3.0}
{'class': '16751', 'classifier': 'RF', 'precision': 1.0, 'recall': 1.0, 'f1_score': 1.0, 'support': 4.0}
{'class': '16821', 'classifier': 'RF', 'precision': 0.67, 'recall': 1.0, 'f1_score': 0.8, 'support': 2.0}
{'class': '17065', 'classifier': 'RF', 'precision': 1.0, 'recall': 1.0, 'f1_score': 1.0, 'support': 2.0}
{'class': '17076', 'classifier': 'RF', 'precision': 1.0, 'recall': 1.0, 'f1_score': 1.0, 'support': 5.0}
{'class': '17213', 'classifier': 'RF', 'precision': 1.0, 'recall': 0.86, 'f1_score': 0.92, 'support': 7.0}
{'class': '17227', 'classifier': 'RF', 'precision': 1.0, 'recall': 1.0, 'f1_score': 1.0, 'support': 2.0}
{'class': '17372', 'classifier': 'RF', 'precision': 1.0, 'recall': 1.0, 'f1_score': 1.0, 'support': 2.0}
{'class': '17453', 'classifier': 'RF', 'precision': 1.0, 'recall': 1.0, 'f1_score': 1.0, 'support': 3.0}
{'class': '17672', 'classifier': 'RF', 'precision': 1.0, 'recall': 1.0, 'f1_score': 1.0, 'support': 4.0}
{'class': '17793', 'classifier': 'RF', 'precision': 1.0, 'recall': 1.0, 'f1_score': 1.0, 'support': 4.0}
{'class': '18243', 'classifier': 'RF', 'precision': 1.0, 'recall': 1.0, 'f1_score': 1.0, 'support': 4.0}
{'class': '18398', 'classifier': 'RF', 'precision': 1.0, 'recall': 1.0, 'f1_score': 1.0, 'support': 4.0}
{'class': '18432', 'classifier': 'RF', 'precision': 1.0, 'recall': 1.0, 'f1_score': 1.0, 'support': 2.0}
{'class': '18841', 'classifier': 'RF', 'precision': 1.0, 'recall': 1.0, 'f1_score': 1.0, 'support': 13.0}
{'class': '19440', 'classifier': 'RF', 'precision': 1.0, 'recall': 1.0, 'f1_score': 1.0, 'support': 7.0}
{'class': '19930', 'classifier': 'RF', 'precision': 1.0, 'recall': 1.0, 'f1_score': 1.0, 'support': 3.0}
{'class': '20249', 'classifier': 'RF', 'precision': 1.0, 'recall': 1.0, 'f1_score': 1.0, 'support': 2.0}
{'class': '20599', 'classifier': 'RF', 'precision': 1.0, 'recall': 0.86, 'f1_score': 0.92, 'support': 7.0}
{'class': '21586', 'classifier': 'RF', 'precision': 1.0, 'recall': 1.0, 'f1_score': 1.0, 'support': 2.0}
{'class': '21699', 'classifier': 'RF', 'precision': 1.0, 'recall': 1.0, 'f1_score': 1.0, 'support': 4.0}
{'class': '22121', 'classifier': 'RF', 'precision': 1.0, 'recall': 1.0, 'f1_score': 1.0, 'support': 2.0}
{'class': '22705', 'classifier': 'RF', 'precision': 1.0, 'recall': 1.0, 'f1_score': 1.0, 'support': 3.0}
{'class': '22820', 'classifier': 'RF', 'precision': 1.0, 'recall': 1.0, 'f1_score': 1.0, 'support': 2.0}
{'class': '22955', 'classifier': 'RF', 'precision': 1.0, 'recall': 1.0, 'f1_score': 1.0, 'support': 2.0}
{'class': '23351', 'classifier': 'RF', 'precision': 1.0, 'recall': 1.0, 'f1_score': 1.0, 'support': 6.0}
{'class': '23796', 'classifier': 'RF', 'precision': 1.0, 'recall': 1.0, 'f1_score': 1.0, 'support': 13.0}
{'class': '24244', 'classifier': 'RF', 'precision': 1.0, 'recall': 1.0, 'f1_score': 1.0, 'support': 4.0}
{'class': '24707', 'classifier': 'RF', 'precision': 1.0, 'recall': 1.0, 'f1_score': 1.0, 'support': 4.0}
{'class': '26004', 'classifier': 'RF', 'precision': 1.0, 'recall': 1.0, 'f1_score': 1.0, 'support': 5.0}
{'class': '26066', 'classifier': 'RF', 'precision': 1.0, 'recall': 1.0, 'f1_score': 1.0, 'support': 2.0}
{'class': '26208', 'classifier': 'RF', 'precision': 1.0, 'recall': 1.0, 'f1_score': 1.0, 'support': 4.0}
{'class': '26295', 'classifier': 'RF', 'precision': 1.0, 'recall': 1.0, 'f1_score': 1.0, 'support': 3.0}
{'class': '26408', 'classifier': 'RF', 'precision': 1.0, 'recall': 1.0, 'f1_score': 1.0, 'support': 3.0}
{'class': '26755', 'classifier': 'RF', 'precision': 0.83, 'recall': 1.0, 'f1_score': 0.91, 'support': 5.0}
{'class': '26998', 'classifier': 'RF', 'precision': 1.0, 'recall': 1.0, 'f1_score': 1.0, 'support': 3.0}
{'class': '27250', 'classifier': 'RF', 'precision': 1.0, 'recall': 1.0, 'f1_score': 1.0, 'support': 2.0}
{'class': '27534', 'classifier': 'RF', 'precision': 1.0, 'recall': 1.0, 'f1_score': 1.0, 'support': 8.0}
{'class': '29561', 'classifier': 'RF', 'precision': 1.0, 'recall': 1.0, 'f1_score': 1.0, 'support': 3.0}
{'class': '29598', 'classifier': 'RF', 'precision': 1.0, 'recall': 1.0, 'f1_score': 1.0, 'support': 2.0}
{'class': '29673', 'classifier': 'RF', 'precision': 1.0, 'recall': 1.0, 'f1_score': 1.0, 'support': 2.0}
{'class': '29854', 'classifier': 'RF', 'precision': 1.0, 'recall': 0.67, 'f1_score': 0.8, 'support': 3.0}
{'class': '30186', 'classifier': 'RF', 'precision': 1.0, 'recall': 1.0, 'f1_score': 1.0, 'support': 3.0}
{'class': '30623', 'classifier': 'RF', 'precision': 1.0, 'recall': 1.0, 'f1_score': 1.0, 'support': 3.0}
{'class': '31068', 'classifier': 'RF', 'precision': 0.75, 'recall': 1.0, 'f1_score': 0.86, 'support': 6.0}
{'class': '32046', 'classifier': 'RF', 'precision': 1.0, 'recall': 1.0, 'f1_score': 1.0, 'support': 6.0}
{'class': '33575', 'classifier': 'RF', 'precision': 1.0, 'recall': 1.0, 'f1_score': 1.0, 'support': 2.0}
{'class': '33732', 'classifier': 'RF', 'precision': 1.0, 'recall': 1.0, 'f1_score': 1.0, 'support': 5.0}
{'class': '34007', 'classifier': 'RF', 'precision': 1.0, 'recall': 1.0, 'f1_score': 1.0, 'support': 2.0}
{'class': '34478', 'classifier': 'RF', 'precision': 1.0, 'recall': 0.5, 'f1_score': 0.67, 'support': 2.0}
{'class': '35566', 'classifier': 'RF', 'precision': 1.0, 'recall': 1.0, 'f1_score': 1.0, 'support': 9.0}
{'class': '35752', 'classifier': 'RF', 'precision': 1.0, 'recall': 1.0, 'f1_score': 1.0, 'support': 6.0}
{'class': '36545', 'classifier': 'RF', 'precision': 0.33, 'recall': 0.25, 'f1_score': 0.29, 'support': 4.0}
{'class': '36555', 'classifier': 'RF', 'precision': 1.0, 'recall': 0.67, 'f1_score': 0.8, 'support': 3.0}
{'class': '36660', 'classifier': 'RF', 'precision': 1.0, 'recall': 1.0, 'f1_score': 1.0, 'support': 2.0}
{'class': '36697', 'classifier': 'RF', 'precision': 1.0, 'recall': 1.0, 'f1_score': 1.0, 'support': 6.0}
{'class': '37293', 'classifier': 'RF', 'precision': 1.0, 'recall': 1.0, 'f1_score': 1.0, 'support': 3.0}
{'class': '38768', 'classifier': 'RF', 'precision': 1.0, 'recall': 1.0, 'f1_score': 1.0, 'support': 5.0}
{'class': '41378', 'classifier': 'RF', 'precision': 1.0, 'recall': 1.0, 'f1_score': 1.0, 'support': 3.0}
{'class': '42319', 'classifier': 'RF', 'precision': 1.0, 'recall': 1.0, 'f1_score': 1.0, 'support': 3.0}
{'class': '42599', 'classifier': 'RF', 'precision': 1.0, 'recall': 1.0, 'f1_score': 1.0, 'support': 2.0}
{'class': '45216', 'classifier': 'RF', 'precision': 1.0, 'recall': 1.0, 'f1_score': 1.0, 'support': 5.0}
{'class': '47920', 'classifier': 'RF', 'precision': 1.0, 'recall': 1.0, 'f1_score': 1.0, 'support': 2.0}
{'class': '49030', 'classifier': 'RF', 'precision': 1.0, 'recall': 1.0, 'f1_score': 1.0, 'support': 5.0}
{'class': '51783', 'classifier': 'RF', 'precision': 1.0, 'recall': 1.0, 'f1_score': 1.0, 'support': 2.0}
{'class': '54164', 'classifier': 'RF', 'precision': 1.0, 'recall': 1.0, 'f1_score': 1.0, 'support': 3.0}
{}
{'class': 'accuracy', 'classifier': 'RF', 'precision': 0.96, 'recall': 1526.0}
[[300, 0.9639580602883355, 0.990170380078637]]
Done.
Finished.
